五月 01, 2017 6:01:51 下午 org.apache.catalina.core.AprLifecycleListener init
信息: The APR based Apache Tomcat Native library which allows optimal performance in production environments was not found on the java.library.path: E:\Program Files\JavaHome\jdk1.7.0_51\bin;C:\WINDOWS\Sun\Java\bin;C:\WINDOWS\system32;C:\WINDOWS;C:\WINDOWS\system32;C:\WINDOWS;C:\WINDOWS\System32\Wbem;C:\WINDOWS\System32\WindowsPowerShell\v1.0\;E:\Program Files\JavaHome\jdk1.7.0_51\bin;C:\Program Files\TortoiseSVN\bin;E:\Program Files\mysql-5.6.24-winx64\bin;C:\Program Files\Intel\WiFi\bin\;C:\Program Files\Common Files\Intel\WirelessCommon\;C:\Program Files\Intel\WiFi\bin\;C:\Program Files\Common Files\Intel\WirelessCommon\;%USERPROFILE%\AppData\Local\Microsoft\WindowsApps;;.
五月 01, 2017 6:01:52 下午 org.apache.coyote.AbstractProtocol init
信息: Initializing ProtocolHandler ["http-bio-8099"]
五月 01, 2017 6:01:52 下午 org.apache.coyote.AbstractProtocol init
信息: Initializing ProtocolHandler ["ajp-bio-8009"]
五月 01, 2017 6:01:52 下午 org.apache.catalina.startup.Catalina load
信息: Initialization processed in 798 ms
五月 01, 2017 6:01:52 下午 org.apache.catalina.core.StandardService startInternal
信息: Starting service Catalina
五月 01, 2017 6:01:52 下午 org.apache.catalina.core.StandardEngine startInternal
信息: Starting Servlet Engine: Apache Tomcat/7.0.28
五月 01, 2017 6:01:52 下午 org.apache.catalina.startup.HostConfig deployDirectory
信息: Deploying web application directory G:\dubbo\tomcat-7_test\webapps\docs
五月 01, 2017 6:01:52 下午 org.apache.catalina.startup.HostConfig deployDirectory
信息: Deploying web application directory G:\dubbo\tomcat-7_test\webapps\examples
五月 01, 2017 6:01:53 下午 org.apache.catalina.startup.HostConfig deployDirectory
信息: Deploying web application directory G:\dubbo\tomcat-7_test\webapps\host-manager
五月 01, 2017 6:01:53 下午 org.apache.catalina.startup.HostConfig deployDirectory
信息: Deploying web application directory G:\dubbo\tomcat-7_test\webapps\manager
五月 01, 2017 6:01:53 下午 org.apache.catalina.startup.HostConfig deployDirectory
信息: Deploying web application directory G:\dubbo\tomcat-7_test\webapps\ROOT
五月 01, 2017 6:04:58 下午 org.apache.catalina.core.AprLifecycleListener init
信息: The APR based Apache Tomcat Native library which allows optimal performance in production environments was not found on the java.library.path: E:\Program Files\JavaHome\jdk1.7.0_51\bin;C:\WINDOWS\Sun\Java\bin;C:\WINDOWS\system32;C:\WINDOWS;C:\WINDOWS\system32;C:\WINDOWS;C:\WINDOWS\System32\Wbem;C:\WINDOWS\System32\WindowsPowerShell\v1.0\;E:\Program Files\JavaHome\jdk1.7.0_51\bin;C:\Program Files\TortoiseSVN\bin;E:\Program Files\mysql-5.6.24-winx64\bin;C:\Program Files\Intel\WiFi\bin\;C:\Program Files\Common Files\Intel\WirelessCommon\;C:\Program Files\Intel\WiFi\bin\;C:\Program Files\Common Files\Intel\WirelessCommon\;%USERPROFILE%\AppData\Local\Microsoft\WindowsApps;;.
五月 01, 2017 6:04:59 下午 org.apache.coyote.AbstractProtocol init
信息: Initializing ProtocolHandler ["http-bio-8099"]
五月 01, 2017 6:04:59 下午 org.apache.coyote.AbstractProtocol init
信息: Initializing ProtocolHandler ["ajp-bio-8009"]
五月 01, 2017 6:04:59 下午 org.apache.catalina.startup.Catalina load
信息: Initialization processed in 714 ms
五月 01, 2017 6:04:59 下午 org.apache.catalina.core.StandardService startInternal
信息: Starting service Catalina
五月 01, 2017 6:04:59 下午 org.apache.catalina.core.StandardEngine startInternal
信息: Starting Servlet Engine: Apache Tomcat/7.0.28
五月 01, 2017 6:04:59 下午 org.apache.catalina.startup.HostConfig deployDirectory
信息: Deploying web application directory G:\dubbo\tomcat-7_test\webapps\docs
五月 01, 2017 6:04:59 下午 org.apache.catalina.startup.HostConfig deployDirectory
信息: Deploying web application directory G:\dubbo\tomcat-7_test\webapps\examples
五月 01, 2017 6:04:59 下午 org.apache.catalina.startup.HostConfig deployDirectory
信息: Deploying web application directory G:\dubbo\tomcat-7_test\webapps\host-manager
五月 01, 2017 6:05:00 下午 org.apache.catalina.startup.HostConfig deployDirectory
信息: Deploying web application directory G:\dubbo\tomcat-7_test\webapps\manager
五月 01, 2017 6:05:00 下午 org.apache.catalina.startup.HostConfig deployDirectory
信息: Deploying web application directory G:\dubbo\tomcat-7_test\webapps\ROOT
五月 01, 2017 6:05:36 下午 org.apache.coyote.AbstractProtocol start
信息: Starting ProtocolHandler ["http-bio-8099"]
五月 01, 2017 6:05:36 下午 org.apache.coyote.AbstractProtocol start
信息: Starting ProtocolHandler ["ajp-bio-8009"]
五月 01, 2017 6:05:36 下午 org.apache.catalina.startup.Catalina start
信息: Server startup in 36959 ms
五月 01, 2017 9:39:57 下午 org.apache.catalina.core.AprLifecycleListener init
信息: The APR based Apache Tomcat Native library which allows optimal performance in production environments was not found on the java.library.path: E:\Program Files\JavaHome\jdk1.7.0_51\bin;C:\WINDOWS\Sun\Java\bin;C:\WINDOWS\system32;C:\WINDOWS;C:\WINDOWS\system32;C:\WINDOWS;C:\WINDOWS\System32\Wbem;C:\WINDOWS\System32\WindowsPowerShell\v1.0\;E:\Program Files\JavaHome\jdk1.7.0_51\bin;C:\Program Files\TortoiseSVN\bin;E:\Program Files\mysql-5.6.24-winx64\bin;C:\Program Files\Intel\WiFi\bin\;C:\Program Files\Common Files\Intel\WirelessCommon\;C:\Program Files\Intel\WiFi\bin\;C:\Program Files\Common Files\Intel\WirelessCommon\;%USERPROFILE%\AppData\Local\Microsoft\WindowsApps;;.
五月 01, 2017 9:39:58 下午 org.apache.coyote.AbstractProtocol init
信息: Initializing ProtocolHandler ["http-bio-8099"]
五月 01, 2017 9:39:58 下午 org.apache.coyote.AbstractProtocol init
信息: Initializing ProtocolHandler ["ajp-bio-8009"]
五月 01, 2017 9:39:58 下午 org.apache.catalina.startup.Catalina load
信息: Initialization processed in 735 ms
五月 01, 2017 9:39:58 下午 org.apache.catalina.core.StandardService startInternal
信息: Starting service Catalina
五月 01, 2017 9:39:58 下午 org.apache.catalina.core.StandardEngine startInternal
信息: Starting Servlet Engine: Apache Tomcat/7.0.28
五月 01, 2017 9:39:58 下午 org.apache.catalina.startup.HostConfig deployDirectory
信息: Deploying web application directory G:\dubbo\tomcat-7_test\webapps\docs
五月 01, 2017 9:39:58 下午 org.apache.catalina.startup.HostConfig deployDirectory
信息: Deploying web application directory G:\dubbo\tomcat-7_test\webapps\examples
五月 01, 2017 9:39:59 下午 org.apache.catalina.startup.HostConfig deployDirectory
信息: Deploying web application directory G:\dubbo\tomcat-7_test\webapps\host-manager
五月 01, 2017 9:39:59 下午 org.apache.catalina.startup.HostConfig deployDirectory
信息: Deploying web application directory G:\dubbo\tomcat-7_test\webapps\manager
五月 01, 2017 9:39:59 下午 org.apache.catalina.startup.HostConfig deployDirectory
信息: Deploying web application directory G:\dubbo\tomcat-7_test\webapps\ROOT
五月 01, 2017 9:40:13 下午 org.apache.catalina.core.StandardContext startInternal
严重: Error listenerStart
五月 01, 2017 9:40:13 下午 org.apache.catalina.core.StandardContext startInternal
严重: Context [] startup failed due to previous errors
五月 01, 2017 9:40:13 下午 org.apache.coyote.AbstractProtocol start
信息: Starting ProtocolHandler ["http-bio-8099"]
五月 01, 2017 9:40:13 下午 org.apache.coyote.AbstractProtocol start
信息: Starting ProtocolHandler ["ajp-bio-8009"]
五月 01, 2017 9:40:13 下午 org.apache.catalina.startup.Catalina start
信息: Server startup in 15112 ms
五月 01, 2017 9:41:51 下午 org.apache.catalina.core.AprLifecycleListener init
信息: The APR based Apache Tomcat Native library which allows optimal performance in production environments was not found on the java.library.path: E:\Program Files\JavaHome\jdk1.7.0_51\bin;C:\WINDOWS\Sun\Java\bin;C:\WINDOWS\system32;C:\WINDOWS;C:\WINDOWS\system32;C:\WINDOWS;C:\WINDOWS\System32\Wbem;C:\WINDOWS\System32\WindowsPowerShell\v1.0\;E:\Program Files\JavaHome\jdk1.7.0_51\bin;C:\Program Files\TortoiseSVN\bin;E:\Program Files\mysql-5.6.24-winx64\bin;C:\Program Files\Intel\WiFi\bin\;C:\Program Files\Common Files\Intel\WirelessCommon\;C:\Program Files\Intel\WiFi\bin\;C:\Program Files\Common Files\Intel\WirelessCommon\;%USERPROFILE%\AppData\Local\Microsoft\WindowsApps;;.
五月 01, 2017 9:41:51 下午 org.apache.coyote.AbstractProtocol init
信息: Initializing ProtocolHandler ["http-bio-8099"]
五月 01, 2017 9:41:51 下午 org.apache.coyote.AbstractProtocol init
信息: Initializing ProtocolHandler ["ajp-bio-8009"]
五月 01, 2017 9:41:51 下午 org.apache.catalina.startup.Catalina load
信息: Initialization processed in 780 ms
五月 01, 2017 9:41:51 下午 org.apache.catalina.core.StandardService startInternal
信息: Starting service Catalina
五月 01, 2017 9:41:51 下午 org.apache.catalina.core.StandardEngine startInternal
信息: Starting Servlet Engine: Apache Tomcat/7.0.28
五月 01, 2017 9:41:51 下午 org.apache.catalina.startup.HostConfig deployDirectory
信息: Deploying web application directory G:\dubbo\dubbo-admin\webapps\docs
五月 01, 2017 9:41:51 下午 org.apache.catalina.startup.HostConfig deployDirectory
信息: Deploying web application directory G:\dubbo\dubbo-admin\webapps\examples
五月 01, 2017 9:41:52 下午 org.apache.catalina.startup.HostConfig deployDirectory
信息: Deploying web application directory G:\dubbo\dubbo-admin\webapps\host-manager
五月 01, 2017 9:41:52 下午 org.apache.catalina.startup.HostConfig deployDirectory
信息: Deploying web application directory G:\dubbo\dubbo-admin\webapps\manager
五月 01, 2017 9:41:52 下午 org.apache.catalina.startup.HostConfig deployDirectory
信息: Deploying web application directory G:\dubbo\dubbo-admin\webapps\ROOT
五月 01, 2017 9:42:41 下午 org.apache.coyote.AbstractProtocol start
信息: Starting ProtocolHandler ["http-bio-8099"]
五月 01, 2017 9:42:41 下午 org.apache.coyote.AbstractProtocol start
信息: Starting ProtocolHandler ["ajp-bio-8009"]
五月 01, 2017 9:42:41 下午 org.apache.catalina.startup.Catalina start
信息: Server startup in 50130 ms
