五月 21, 2019 4:44:41 下午 org.apache.catalina.core.AprLifecycleListener init
信息: The APR based Apache Tomcat Native library which allows optimal performance in production environments was not found on the java.library.path: F:\openSource\jdk1.7\bin;C:\Windows\Sun\Java\bin;C:\Windows\system32;C:\Windows;C:\ProgramData\Oracle\Java\javapath;C:\Windows\system32;C:\Windows;C:\Windows\System32\Wbem;C:\Windows\System32\WindowsPowerShell\v1.0\;C:\Windows\System32\OpenSSH\;C:\Program Files\Intel\WiFi\bin\;C:\Program Files\Common Files\Intel\WirelessCommon\;F:\MySql\bin\;C:\Program Files\Java\jdk1.8.0_144\bin;%CATALINA_HOME%\bin;F:\apache-maven-3.2.5\bin;F:\Git\cmd;C:\Program Files\nodejs\;F:\Program Files\nodejs\node_global\node_modules\hexo-cli\bin;F:\Program Files\nodejs\node_global;C:\Users\My\AppData\Local\Microsoft\WindowsApps;C:\Program Files\Intel\WiFi\bin\;C:\Program Files\Common Files\Intel\WirelessCommon\;E:\Bandizip\;C:\Users\My\AppData\Local\GitHubDesktop\bin;C:\Users\My\AppData\Roaming\npm;.
五月 21, 2019 4:44:42 下午 org.apache.coyote.AbstractProtocol init
信息: Initializing ProtocolHandler ["http-bio-8099"]
五月 21, 2019 4:44:42 下午 org.apache.coyote.AbstractProtocol init
信息: Initializing ProtocolHandler ["ajp-bio-8009"]
五月 21, 2019 4:44:42 下午 org.apache.catalina.startup.Catalina load
信息: Initialization processed in 1207 ms
五月 21, 2019 4:44:42 下午 org.apache.catalina.core.StandardService startInternal
信息: Starting service Catalina
五月 21, 2019 4:44:42 下午 org.apache.catalina.core.StandardEngine startInternal
信息: Starting Servlet Engine: Apache Tomcat/7.0.28
五月 21, 2019 4:44:42 下午 org.apache.catalina.startup.HostConfig deployDirectory
信息: Deploying web application directory F:\openSource\dubbo-admin-tomcat\webapps\docs
五月 21, 2019 4:44:43 下午 org.apache.catalina.util.SessionIdGenerator createSecureRandom
信息: Creation of SecureRandom instance for session ID generation using [SHA1PRNG] took [327] milliseconds.
五月 21, 2019 4:44:43 下午 org.apache.catalina.startup.HostConfig deployDirectory
信息: Deploying web application directory F:\openSource\dubbo-admin-tomcat\webapps\examples
五月 21, 2019 4:44:43 下午 org.apache.catalina.startup.HostConfig deployDirectory
信息: Deploying web application directory F:\openSource\dubbo-admin-tomcat\webapps\host-manager
五月 21, 2019 4:44:43 下午 org.apache.catalina.startup.HostConfig deployDirectory
信息: Deploying web application directory F:\openSource\dubbo-admin-tomcat\webapps\manager
五月 21, 2019 4:44:43 下午 org.apache.catalina.startup.HostConfig deployDirectory
信息: Deploying web application directory F:\openSource\dubbo-admin-tomcat\webapps\ROOT
五月 21, 2019 4:45:53 下午 org.apache.catalina.core.AprLifecycleListener init
信息: The APR based Apache Tomcat Native library which allows optimal performance in production environments was not found on the java.library.path: F:\openSource\jdk1.7\bin;C:\Windows\Sun\Java\bin;C:\Windows\system32;C:\Windows;C:\ProgramData\Oracle\Java\javapath;C:\Windows\system32;C:\Windows;C:\Windows\System32\Wbem;C:\Windows\System32\WindowsPowerShell\v1.0\;C:\Windows\System32\OpenSSH\;C:\Program Files\Intel\WiFi\bin\;C:\Program Files\Common Files\Intel\WirelessCommon\;F:\MySql\bin\;C:\Program Files\Java\jdk1.8.0_144\bin;%CATALINA_HOME%\bin;F:\apache-maven-3.2.5\bin;F:\Git\cmd;C:\Program Files\nodejs\;F:\Program Files\nodejs\node_global\node_modules\hexo-cli\bin;F:\Program Files\nodejs\node_global;C:\Users\My\AppData\Local\Microsoft\WindowsApps;C:\Program Files\Intel\WiFi\bin\;C:\Program Files\Common Files\Intel\WirelessCommon\;E:\Bandizip\;C:\Users\My\AppData\Local\GitHubDesktop\bin;C:\Users\My\AppData\Roaming\npm;.
五月 21, 2019 4:45:53 下午 org.apache.coyote.AbstractProtocol init
信息: Initializing ProtocolHandler ["http-bio-8099"]
五月 21, 2019 4:45:53 下午 org.apache.coyote.AbstractProtocol init
信息: Initializing ProtocolHandler ["ajp-bio-8009"]
五月 21, 2019 4:45:53 下午 org.apache.catalina.startup.Catalina load
信息: Initialization processed in 1129 ms
五月 21, 2019 4:45:53 下午 org.apache.catalina.core.StandardService startInternal
信息: Starting service Catalina
五月 21, 2019 4:45:53 下午 org.apache.catalina.core.StandardEngine startInternal
信息: Starting Servlet Engine: Apache Tomcat/7.0.28
五月 21, 2019 4:45:53 下午 org.apache.catalina.startup.HostConfig deployDirectory
信息: Deploying web application directory F:\openSource\dubbo-admin-tomcat\webapps\docs
五月 21, 2019 4:45:54 下午 org.apache.catalina.util.SessionIdGenerator createSecureRandom
信息: Creation of SecureRandom instance for session ID generation using [SHA1PRNG] took [408] milliseconds.
五月 21, 2019 4:45:54 下午 org.apache.catalina.startup.HostConfig deployDirectory
信息: Deploying web application directory F:\openSource\dubbo-admin-tomcat\webapps\examples
五月 21, 2019 4:45:55 下午 org.apache.catalina.startup.HostConfig deployDirectory
信息: Deploying web application directory F:\openSource\dubbo-admin-tomcat\webapps\host-manager
五月 21, 2019 4:45:55 下午 org.apache.catalina.startup.HostConfig deployDirectory
信息: Deploying web application directory F:\openSource\dubbo-admin-tomcat\webapps\manager
五月 21, 2019 4:45:55 下午 org.apache.catalina.startup.HostConfig deployDirectory
信息: Deploying web application directory F:\openSource\dubbo-admin-tomcat\webapps\ROOT
五月 21, 2019 4:46:24 下午 org.apache.coyote.AbstractProtocol start
信息: Starting ProtocolHandler ["http-bio-8099"]
五月 21, 2019 4:46:24 下午 org.apache.coyote.AbstractProtocol start
信息: Starting ProtocolHandler ["ajp-bio-8009"]
五月 21, 2019 4:46:24 下午 org.apache.catalina.startup.Catalina start
信息: Server startup in 30684 ms
五月 21, 2019 4:56:47 下午 org.apache.catalina.core.AprLifecycleListener init
信息: The APR based Apache Tomcat Native library which allows optimal performance in production environments was not found on the java.library.path: F:\openSource\jdk1.7\bin;C:\Windows\Sun\Java\bin;C:\Windows\system32;C:\Windows;C:\ProgramData\Oracle\Java\javapath;C:\Windows\system32;C:\Windows;C:\Windows\System32\Wbem;C:\Windows\System32\WindowsPowerShell\v1.0\;C:\Windows\System32\OpenSSH\;C:\Program Files\Intel\WiFi\bin\;C:\Program Files\Common Files\Intel\WirelessCommon\;F:\MySql\bin\;C:\Program Files\Java\jdk1.8.0_144\bin;%CATALINA_HOME%\bin;F:\apache-maven-3.2.5\bin;F:\Git\cmd;C:\Program Files\nodejs\;F:\Program Files\nodejs\node_global\node_modules\hexo-cli\bin;F:\Program Files\nodejs\node_global;C:\Users\My\AppData\Local\Microsoft\WindowsApps;C:\Program Files\Intel\WiFi\bin\;C:\Program Files\Common Files\Intel\WirelessCommon\;E:\Bandizip\;C:\Users\My\AppData\Local\GitHubDesktop\bin;C:\Users\My\AppData\Roaming\npm;.
五月 21, 2019 4:56:47 下午 org.apache.coyote.AbstractProtocol init
信息: Initializing ProtocolHandler ["http-bio-8099"]
五月 21, 2019 4:56:47 下午 org.apache.coyote.AbstractProtocol init
信息: Initializing ProtocolHandler ["ajp-bio-8009"]
五月 21, 2019 4:56:47 下午 org.apache.catalina.startup.Catalina load
信息: Initialization processed in 719 ms
五月 21, 2019 4:56:47 下午 org.apache.catalina.core.StandardService startInternal
信息: Starting service Catalina
五月 21, 2019 4:56:47 下午 org.apache.catalina.core.StandardEngine startInternal
信息: Starting Servlet Engine: Apache Tomcat/7.0.28
五月 21, 2019 4:56:47 下午 org.apache.catalina.startup.HostConfig deployDirectory
信息: Deploying web application directory F:\openSource\dubbo-admin-tomcat\webapps\docs
五月 21, 2019 4:56:48 下午 org.apache.catalina.util.SessionIdGenerator createSecureRandom
信息: Creation of SecureRandom instance for session ID generation using [SHA1PRNG] took [287] milliseconds.
五月 21, 2019 4:56:48 下午 org.apache.catalina.startup.HostConfig deployDirectory
信息: Deploying web application directory F:\openSource\dubbo-admin-tomcat\webapps\examples
五月 21, 2019 4:56:48 下午 org.apache.catalina.startup.HostConfig deployDirectory
信息: Deploying web application directory F:\openSource\dubbo-admin-tomcat\webapps\host-manager
五月 21, 2019 4:56:48 下午 org.apache.catalina.startup.HostConfig deployDirectory
信息: Deploying web application directory F:\openSource\dubbo-admin-tomcat\webapps\manager
五月 21, 2019 4:56:48 下午 org.apache.catalina.startup.HostConfig deployDirectory
信息: Deploying web application directory F:\openSource\dubbo-admin-tomcat\webapps\ROOT
五月 21, 2019 4:57:24 下午 org.apache.coyote.AbstractProtocol start
信息: Starting ProtocolHandler ["http-bio-8099"]
五月 21, 2019 4:57:24 下午 org.apache.coyote.AbstractProtocol start
信息: Starting ProtocolHandler ["ajp-bio-8009"]
五月 21, 2019 4:57:24 下午 org.apache.catalina.startup.Catalina start
信息: Server startup in 36939 ms
五月 21, 2019 5:57:47 下午 org.apache.catalina.core.AprLifecycleListener init
信息: The APR based Apache Tomcat Native library which allows optimal performance in production environments was not found on the java.library.path: F:\openSource\jdk1.7\bin;C:\Windows\Sun\Java\bin;C:\Windows\system32;C:\Windows;C:\ProgramData\Oracle\Java\javapath;C:\Windows\system32;C:\Windows;C:\Windows\System32\Wbem;C:\Windows\System32\WindowsPowerShell\v1.0\;C:\Windows\System32\OpenSSH\;C:\Program Files\Intel\WiFi\bin\;C:\Program Files\Common Files\Intel\WirelessCommon\;F:\MySql\bin\;C:\Program Files\Java\jdk1.8.0_144\bin;%CATALINA_HOME%\bin;F:\apache-maven-3.2.5\bin;F:\Git\cmd;C:\Program Files\nodejs\;F:\Program Files\nodejs\node_global\node_modules\hexo-cli\bin;F:\Program Files\nodejs\node_global;C:\Users\My\AppData\Local\Microsoft\WindowsApps;C:\Program Files\Intel\WiFi\bin\;C:\Program Files\Common Files\Intel\WirelessCommon\;E:\Bandizip\;C:\Users\My\AppData\Local\GitHubDesktop\bin;C:\Users\My\AppData\Roaming\npm;.
五月 21, 2019 5:57:47 下午 org.apache.coyote.AbstractProtocol init
信息: Initializing ProtocolHandler ["http-bio-8099"]
五月 21, 2019 5:57:47 下午 org.apache.coyote.AbstractProtocol init
信息: Initializing ProtocolHandler ["ajp-bio-8009"]
五月 21, 2019 5:57:47 下午 org.apache.catalina.startup.Catalina load
信息: Initialization processed in 791 ms
五月 21, 2019 5:57:47 下午 org.apache.catalina.core.StandardService startInternal
信息: Starting service Catalina
五月 21, 2019 5:57:47 下午 org.apache.catalina.core.StandardEngine startInternal
信息: Starting Servlet Engine: Apache Tomcat/7.0.28
五月 21, 2019 5:57:47 下午 org.apache.catalina.startup.HostConfig deployDirectory
信息: Deploying web application directory F:\openSource\dubbo-admin-tomcat\webapps\docs
五月 21, 2019 5:57:48 下午 org.apache.catalina.util.SessionIdGenerator createSecureRandom
信息: Creation of SecureRandom instance for session ID generation using [SHA1PRNG] took [291] milliseconds.
五月 21, 2019 5:57:48 下午 org.apache.catalina.startup.HostConfig deployDirectory
信息: Deploying web application directory F:\openSource\dubbo-admin-tomcat\webapps\examples
五月 21, 2019 5:57:48 下午 org.apache.catalina.startup.HostConfig deployDirectory
信息: Deploying web application directory F:\openSource\dubbo-admin-tomcat\webapps\host-manager
五月 21, 2019 5:57:48 下午 org.apache.catalina.startup.HostConfig deployDirectory
信息: Deploying web application directory F:\openSource\dubbo-admin-tomcat\webapps\manager
五月 21, 2019 5:57:48 下午 org.apache.catalina.startup.HostConfig deployDirectory
信息: Deploying web application directory F:\openSource\dubbo-admin-tomcat\webapps\ROOT
五月 21, 2019 5:58:13 下午 org.apache.coyote.AbstractProtocol start
信息: Starting ProtocolHandler ["http-bio-8099"]
五月 21, 2019 5:58:13 下午 org.apache.coyote.AbstractProtocol start
信息: Starting ProtocolHandler ["ajp-bio-8009"]
五月 21, 2019 5:58:13 下午 org.apache.catalina.startup.Catalina start
信息: Server startup in 25580 ms
五月 21, 2019 7:12:06 下午 org.apache.catalina.core.AprLifecycleListener init
信息: The APR based Apache Tomcat Native library which allows optimal performance in production environments was not found on the java.library.path: F:\openSource\jdk1.7\bin;C:\Windows\Sun\Java\bin;C:\Windows\system32;C:\Windows;C:\ProgramData\Oracle\Java\javapath;C:\Windows\system32;C:\Windows;C:\Windows\System32\Wbem;C:\Windows\System32\WindowsPowerShell\v1.0\;C:\Windows\System32\OpenSSH\;C:\Program Files\Intel\WiFi\bin\;C:\Program Files\Common Files\Intel\WirelessCommon\;F:\MySql\bin\;C:\Program Files\Java\jdk1.8.0_144\bin;%CATALINA_HOME%\bin;F:\apache-maven-3.2.5\bin;F:\Git\cmd;C:\Program Files\nodejs\;F:\Program Files\nodejs\node_global\node_modules\hexo-cli\bin;F:\Program Files\nodejs\node_global;C:\Users\My\AppData\Local\Microsoft\WindowsApps;C:\Program Files\Intel\WiFi\bin\;C:\Program Files\Common Files\Intel\WirelessCommon\;E:\Bandizip\;C:\Users\My\AppData\Local\GitHubDesktop\bin;C:\Users\My\AppData\Roaming\npm;.
五月 21, 2019 7:12:06 下午 org.apache.coyote.AbstractProtocol init
信息: Initializing ProtocolHandler ["http-bio-8099"]
五月 21, 2019 7:12:06 下午 org.apache.coyote.AbstractProtocol init
信息: Initializing ProtocolHandler ["ajp-bio-8009"]
五月 21, 2019 7:12:06 下午 org.apache.catalina.startup.Catalina load
信息: Initialization processed in 830 ms
五月 21, 2019 7:12:06 下午 org.apache.catalina.core.StandardService startInternal
信息: Starting service Catalina
五月 21, 2019 7:12:06 下午 org.apache.catalina.core.StandardEngine startInternal
信息: Starting Servlet Engine: Apache Tomcat/7.0.28
五月 21, 2019 7:12:06 下午 org.apache.catalina.startup.HostConfig deployDirectory
信息: Deploying web application directory F:\openSource\dubbo-admin-tomcat\webapps\docs
五月 21, 2019 7:12:07 下午 org.apache.catalina.util.SessionIdGenerator createSecureRandom
信息: Creation of SecureRandom instance for session ID generation using [SHA1PRNG] took [292] milliseconds.
五月 21, 2019 7:12:07 下午 org.apache.catalina.startup.HostConfig deployDirectory
信息: Deploying web application directory F:\openSource\dubbo-admin-tomcat\webapps\examples
五月 21, 2019 7:12:07 下午 org.apache.catalina.startup.HostConfig deployDirectory
信息: Deploying web application directory F:\openSource\dubbo-admin-tomcat\webapps\host-manager
五月 21, 2019 7:12:07 下午 org.apache.catalina.startup.HostConfig deployDirectory
信息: Deploying web application directory F:\openSource\dubbo-admin-tomcat\webapps\manager
五月 21, 2019 7:12:07 下午 org.apache.catalina.startup.HostConfig deployDirectory
信息: Deploying web application directory F:\openSource\dubbo-admin-tomcat\webapps\ROOT
五月 21, 2019 8:48:25 下午 org.apache.catalina.core.AprLifecycleListener init
信息: The APR based Apache Tomcat Native library which allows optimal performance in production environments was not found on the java.library.path: F:\openSource\jdk1.7\bin;C:\Windows\Sun\Java\bin;C:\Windows\system32;C:\Windows;C:\ProgramData\Oracle\Java\javapath;C:\Windows\system32;C:\Windows;C:\Windows\System32\Wbem;C:\Windows\System32\WindowsPowerShell\v1.0\;C:\Windows\System32\OpenSSH\;C:\Program Files\Intel\WiFi\bin\;C:\Program Files\Common Files\Intel\WirelessCommon\;F:\MySql\bin\;C:\Program Files\Java\jdk1.8.0_144\bin;%CATALINA_HOME%\bin;F:\apache-maven-3.2.5\bin;F:\Git\cmd;C:\Program Files\nodejs\;F:\Program Files\nodejs\node_global\node_modules\hexo-cli\bin;F:\Program Files\nodejs\node_global;C:\Users\My\AppData\Local\Microsoft\WindowsApps;C:\Program Files\Intel\WiFi\bin\;C:\Program Files\Common Files\Intel\WirelessCommon\;E:\Bandizip\;C:\Users\My\AppData\Local\GitHubDesktop\bin;C:\Users\My\AppData\Roaming\npm;.
五月 21, 2019 8:48:25 下午 org.apache.coyote.AbstractProtocol init
信息: Initializing ProtocolHandler ["http-bio-8099"]
五月 21, 2019 8:48:25 下午 org.apache.coyote.AbstractProtocol init
信息: Initializing ProtocolHandler ["ajp-bio-8009"]
五月 21, 2019 8:48:25 下午 org.apache.catalina.startup.Catalina load
信息: Initialization processed in 778 ms
五月 21, 2019 8:48:25 下午 org.apache.catalina.core.StandardService startInternal
信息: Starting service Catalina
五月 21, 2019 8:48:25 下午 org.apache.catalina.core.StandardEngine startInternal
信息: Starting Servlet Engine: Apache Tomcat/7.0.28
五月 21, 2019 8:48:25 下午 org.apache.catalina.startup.HostConfig deployDirectory
信息: Deploying web application directory F:\openSource\dubbo-admin-tomcat\webapps\docs
五月 21, 2019 8:48:26 下午 org.apache.catalina.util.SessionIdGenerator createSecureRandom
信息: Creation of SecureRandom instance for session ID generation using [SHA1PRNG] took [284] milliseconds.
五月 21, 2019 8:48:26 下午 org.apache.catalina.startup.HostConfig deployDirectory
信息: Deploying web application directory F:\openSource\dubbo-admin-tomcat\webapps\examples
五月 21, 2019 8:48:26 下午 org.apache.catalina.startup.HostConfig deployDirectory
信息: Deploying web application directory F:\openSource\dubbo-admin-tomcat\webapps\host-manager
五月 21, 2019 8:48:26 下午 org.apache.catalina.startup.HostConfig deployDirectory
信息: Deploying web application directory F:\openSource\dubbo-admin-tomcat\webapps\manager
五月 21, 2019 8:48:26 下午 org.apache.catalina.startup.HostConfig deployDirectory
信息: Deploying web application directory F:\openSource\dubbo-admin-tomcat\webapps\ROOT
五月 21, 2019 8:48:49 下午 org.apache.coyote.AbstractProtocol start
信息: Starting ProtocolHandler ["http-bio-8099"]
五月 21, 2019 8:48:49 下午 org.apache.coyote.AbstractProtocol start
信息: Starting ProtocolHandler ["ajp-bio-8009"]
五月 21, 2019 8:48:49 下午 org.apache.catalina.startup.Catalina start
信息: Server startup in 24183 ms
五月 21, 2019 10:13:02 下午 org.apache.catalina.core.AprLifecycleListener init
信息: The APR based Apache Tomcat Native library which allows optimal performance in production environments was not found on the java.library.path: F:\openSource\jdk1.7\bin;C:\Windows\Sun\Java\bin;C:\Windows\system32;C:\Windows;C:\ProgramData\Oracle\Java\javapath;C:\Windows\system32;C:\Windows;C:\Windows\System32\Wbem;C:\Windows\System32\WindowsPowerShell\v1.0\;C:\Windows\System32\OpenSSH\;C:\Program Files\Intel\WiFi\bin\;C:\Program Files\Common Files\Intel\WirelessCommon\;F:\MySql\bin\;C:\Program Files\Java\jdk1.8.0_144\bin;%CATALINA_HOME%\bin;F:\apache-maven-3.2.5\bin;F:\Git\cmd;C:\Program Files\nodejs\;F:\Program Files\nodejs\node_global\node_modules\hexo-cli\bin;F:\Program Files\nodejs\node_global;C:\Users\My\AppData\Local\Microsoft\WindowsApps;C:\Program Files\Intel\WiFi\bin\;C:\Program Files\Common Files\Intel\WirelessCommon\;E:\Bandizip\;C:\Users\My\AppData\Local\GitHubDesktop\bin;C:\Users\My\AppData\Roaming\npm;.
五月 21, 2019 10:13:02 下午 org.apache.coyote.AbstractProtocol init
信息: Initializing ProtocolHandler ["http-bio-8099"]
五月 21, 2019 10:13:02 下午 org.apache.coyote.AbstractProtocol init
信息: Initializing ProtocolHandler ["ajp-bio-8009"]
五月 21, 2019 10:13:02 下午 org.apache.catalina.startup.Catalina load
信息: Initialization processed in 1969 ms
五月 21, 2019 10:13:02 下午 org.apache.catalina.core.StandardService startInternal
信息: Starting service Catalina
五月 21, 2019 10:13:02 下午 org.apache.catalina.core.StandardEngine startInternal
信息: Starting Servlet Engine: Apache Tomcat/7.0.28
五月 21, 2019 10:13:02 下午 org.apache.catalina.startup.HostConfig deployDirectory
信息: Deploying web application directory F:\openSource\dubbo-admin-tomcat\webapps\docs
五月 21, 2019 10:13:04 下午 org.apache.catalina.util.SessionIdGenerator createSecureRandom
信息: Creation of SecureRandom instance for session ID generation using [SHA1PRNG] took [518] milliseconds.
五月 21, 2019 10:13:04 下午 org.apache.catalina.startup.HostConfig deployDirectory
信息: Deploying web application directory F:\openSource\dubbo-admin-tomcat\webapps\examples
五月 21, 2019 10:13:04 下午 org.apache.catalina.startup.HostConfig deployDirectory
信息: Deploying web application directory F:\openSource\dubbo-admin-tomcat\webapps\host-manager
五月 21, 2019 10:13:04 下午 org.apache.catalina.startup.HostConfig deployDirectory
信息: Deploying web application directory F:\openSource\dubbo-admin-tomcat\webapps\manager
五月 21, 2019 10:13:05 下午 org.apache.catalina.startup.HostConfig deployDirectory
信息: Deploying web application directory F:\openSource\dubbo-admin-tomcat\webapps\ROOT
五月 21, 2019 10:13:59 下午 org.apache.catalina.core.AprLifecycleListener init
信息: The APR based Apache Tomcat Native library which allows optimal performance in production environments was not found on the java.library.path: F:\openSource\jdk1.7\bin;C:\Windows\Sun\Java\bin;C:\Windows\system32;C:\Windows;C:\ProgramData\Oracle\Java\javapath;C:\Windows\system32;C:\Windows;C:\Windows\System32\Wbem;C:\Windows\System32\WindowsPowerShell\v1.0\;C:\Windows\System32\OpenSSH\;C:\Program Files\Intel\WiFi\bin\;C:\Program Files\Common Files\Intel\WirelessCommon\;F:\MySql\bin\;C:\Program Files\Java\jdk1.8.0_144\bin;%CATALINA_HOME%\bin;F:\apache-maven-3.2.5\bin;F:\Git\cmd;C:\Program Files\nodejs\;F:\Program Files\nodejs\node_global\node_modules\hexo-cli\bin;F:\Program Files\nodejs\node_global;C:\Users\My\AppData\Local\Microsoft\WindowsApps;C:\Program Files\Intel\WiFi\bin\;C:\Program Files\Common Files\Intel\WirelessCommon\;E:\Bandizip\;C:\Users\My\AppData\Local\GitHubDesktop\bin;C:\Users\My\AppData\Roaming\npm;.
五月 21, 2019 10:14:00 下午 org.apache.coyote.AbstractProtocol init
信息: Initializing ProtocolHandler ["http-bio-8099"]
五月 21, 2019 10:14:00 下午 org.apache.coyote.AbstractProtocol init
信息: Initializing ProtocolHandler ["ajp-bio-8009"]
五月 21, 2019 10:14:00 下午 org.apache.catalina.startup.Catalina load
信息: Initialization processed in 690 ms
五月 21, 2019 10:14:00 下午 org.apache.catalina.core.StandardService startInternal
信息: Starting service Catalina
五月 21, 2019 10:14:00 下午 org.apache.catalina.core.StandardEngine startInternal
信息: Starting Servlet Engine: Apache Tomcat/7.0.28
五月 21, 2019 10:14:00 下午 org.apache.catalina.startup.HostConfig deployDirectory
信息: Deploying web application directory F:\openSource\dubbo-admin-tomcat\webapps\docs
五月 21, 2019 10:14:00 下午 org.apache.catalina.util.SessionIdGenerator createSecureRandom
信息: Creation of SecureRandom instance for session ID generation using [SHA1PRNG] took [279] milliseconds.
五月 21, 2019 10:14:00 下午 org.apache.catalina.startup.HostConfig deployDirectory
信息: Deploying web application directory F:\openSource\dubbo-admin-tomcat\webapps\examples
五月 21, 2019 10:14:01 下午 org.apache.catalina.startup.HostConfig deployDirectory
信息: Deploying web application directory F:\openSource\dubbo-admin-tomcat\webapps\host-manager
五月 21, 2019 10:14:01 下午 org.apache.catalina.startup.HostConfig deployDirectory
信息: Deploying web application directory F:\openSource\dubbo-admin-tomcat\webapps\manager
五月 21, 2019 10:14:01 下午 org.apache.catalina.startup.HostConfig deployDirectory
信息: Deploying web application directory F:\openSource\dubbo-admin-tomcat\webapps\ROOT
五月 21, 2019 10:14:54 下午 org.apache.catalina.core.AprLifecycleListener init
信息: The APR based Apache Tomcat Native library which allows optimal performance in production environments was not found on the java.library.path: F:\openSource\jdk1.7\bin;C:\Windows\Sun\Java\bin;C:\Windows\system32;C:\Windows;C:\ProgramData\Oracle\Java\javapath;C:\Windows\system32;C:\Windows;C:\Windows\System32\Wbem;C:\Windows\System32\WindowsPowerShell\v1.0\;C:\Windows\System32\OpenSSH\;C:\Program Files\Intel\WiFi\bin\;C:\Program Files\Common Files\Intel\WirelessCommon\;F:\MySql\bin\;C:\Program Files\Java\jdk1.8.0_144\bin;%CATALINA_HOME%\bin;F:\apache-maven-3.2.5\bin;F:\Git\cmd;C:\Program Files\nodejs\;F:\Program Files\nodejs\node_global\node_modules\hexo-cli\bin;F:\Program Files\nodejs\node_global;C:\Users\My\AppData\Local\Microsoft\WindowsApps;C:\Program Files\Intel\WiFi\bin\;C:\Program Files\Common Files\Intel\WirelessCommon\;E:\Bandizip\;C:\Users\My\AppData\Local\GitHubDesktop\bin;C:\Users\My\AppData\Roaming\npm;.
五月 21, 2019 10:14:54 下午 org.apache.coyote.AbstractProtocol init
信息: Initializing ProtocolHandler ["http-bio-8099"]
五月 21, 2019 10:14:54 下午 org.apache.coyote.AbstractProtocol init
信息: Initializing ProtocolHandler ["ajp-bio-8009"]
五月 21, 2019 10:14:54 下午 org.apache.catalina.startup.Catalina load
信息: Initialization processed in 659 ms
五月 21, 2019 10:14:54 下午 org.apache.catalina.core.StandardService startInternal
信息: Starting service Catalina
五月 21, 2019 10:14:54 下午 org.apache.catalina.core.StandardEngine startInternal
信息: Starting Servlet Engine: Apache Tomcat/7.0.28
五月 21, 2019 10:14:54 下午 org.apache.catalina.startup.HostConfig deployDirectory
信息: Deploying web application directory F:\openSource\dubbo-admin-tomcat\webapps\docs
五月 21, 2019 10:14:55 下午 org.apache.catalina.util.SessionIdGenerator createSecureRandom
信息: Creation of SecureRandom instance for session ID generation using [SHA1PRNG] took [273] milliseconds.
五月 21, 2019 10:14:55 下午 org.apache.catalina.startup.HostConfig deployDirectory
信息: Deploying web application directory F:\openSource\dubbo-admin-tomcat\webapps\examples
五月 21, 2019 10:14:55 下午 org.apache.catalina.startup.HostConfig deployDirectory
信息: Deploying web application directory F:\openSource\dubbo-admin-tomcat\webapps\host-manager
五月 21, 2019 10:14:55 下午 org.apache.catalina.startup.HostConfig deployDirectory
信息: Deploying web application directory F:\openSource\dubbo-admin-tomcat\webapps\manager
五月 21, 2019 10:14:55 下午 org.apache.catalina.startup.HostConfig deployDirectory
信息: Deploying web application directory F:\openSource\dubbo-admin-tomcat\webapps\ROOT
五月 21, 2019 10:22:01 下午 org.apache.catalina.core.AprLifecycleListener init
信息: The APR based Apache Tomcat Native library which allows optimal performance in production environments was not found on the java.library.path: F:\openSource\jdk1.7\bin;C:\Windows\Sun\Java\bin;C:\Windows\system32;C:\Windows;C:\ProgramData\Oracle\Java\javapath;C:\Windows\system32;C:\Windows;C:\Windows\System32\Wbem;C:\Windows\System32\WindowsPowerShell\v1.0\;C:\Windows\System32\OpenSSH\;C:\Program Files\Intel\WiFi\bin\;C:\Program Files\Common Files\Intel\WirelessCommon\;F:\MySql\bin\;C:\Program Files\Java\jdk1.8.0_144\bin;%CATALINA_HOME%\bin;F:\apache-maven-3.2.5\bin;F:\Git\cmd;C:\Program Files\nodejs\;F:\Program Files\nodejs\node_global\node_modules\hexo-cli\bin;F:\Program Files\nodejs\node_global;C:\Users\My\AppData\Local\Microsoft\WindowsApps;C:\Program Files\Intel\WiFi\bin\;C:\Program Files\Common Files\Intel\WirelessCommon\;E:\Bandizip\;C:\Users\My\AppData\Local\GitHubDesktop\bin;C:\Users\My\AppData\Roaming\npm;.
五月 21, 2019 10:22:01 下午 org.apache.coyote.AbstractProtocol init
信息: Initializing ProtocolHandler ["http-bio-8099"]
五月 21, 2019 10:22:01 下午 org.apache.coyote.AbstractProtocol init
信息: Initializing ProtocolHandler ["ajp-bio-8009"]
五月 21, 2019 10:22:01 下午 org.apache.catalina.startup.Catalina load
信息: Initialization processed in 673 ms
五月 21, 2019 10:22:01 下午 org.apache.catalina.core.StandardService startInternal
信息: Starting service Catalina
五月 21, 2019 10:22:01 下午 org.apache.catalina.core.StandardEngine startInternal
信息: Starting Servlet Engine: Apache Tomcat/7.0.28
五月 21, 2019 10:22:01 下午 org.apache.catalina.startup.HostConfig deployDirectory
信息: Deploying web application directory F:\openSource\dubbo-admin-tomcat\webapps\docs
五月 21, 2019 10:22:02 下午 org.apache.catalina.util.SessionIdGenerator createSecureRandom
信息: Creation of SecureRandom instance for session ID generation using [SHA1PRNG] took [274] milliseconds.
五月 21, 2019 10:22:02 下午 org.apache.catalina.startup.HostConfig deployDirectory
信息: Deploying web application directory F:\openSource\dubbo-admin-tomcat\webapps\examples
五月 21, 2019 10:22:02 下午 org.apache.catalina.startup.HostConfig deployDirectory
信息: Deploying web application directory F:\openSource\dubbo-admin-tomcat\webapps\host-manager
五月 21, 2019 10:22:02 下午 org.apache.catalina.startup.HostConfig deployDirectory
信息: Deploying web application directory F:\openSource\dubbo-admin-tomcat\webapps\manager
五月 21, 2019 10:22:02 下午 org.apache.catalina.startup.HostConfig deployDirectory
信息: Deploying web application directory F:\openSource\dubbo-admin-tomcat\webapps\ROOT
五月 21, 2019 10:22:25 下午 org.apache.coyote.AbstractProtocol start
信息: Starting ProtocolHandler ["http-bio-8099"]
五月 21, 2019 10:22:25 下午 org.apache.coyote.AbstractProtocol start
信息: Starting ProtocolHandler ["ajp-bio-8009"]
五月 21, 2019 10:22:25 下午 org.apache.catalina.startup.Catalina start
信息: Server startup in 23941 ms
