三月 26, 2017 3:38:23 下午 org.apache.catalina.core.AprLifecycleListener init
信息: The APR based Apache Tomcat Native library which allows optimal performance in production environments was not found on the java.library.path: E:\Program Files\JavaHome\jdk1.7.0_51\bin;C:\WINDOWS\Sun\Java\bin;C:\WINDOWS\system32;C:\WINDOWS;C:\WINDOWS\system32;C:\WINDOWS;C:\WINDOWS\System32\Wbem;C:\WINDOWS\System32\WindowsPowerShell\v1.0\;E:\Program Files\JavaHome\jdk1.7.0_51\bin;C:\Program Files\TortoiseSVN\bin;E:\Program Files\mysql-5.6.24-winx64\bin;C:\Program Files\Intel\WiFi\bin\;C:\Program Files\Common Files\Intel\WirelessCommon\;C:\Program Files\Intel\WiFi\bin\;C:\Program Files\Common Files\Intel\WirelessCommon\;%USERPROFILE%\AppData\Local\Microsoft\WindowsApps;;.
三月 26, 2017 3:38:23 下午 org.apache.coyote.AbstractProtocol init
信息: Initializing ProtocolHandler ["http-bio-9090"]
三月 26, 2017 3:38:23 下午 org.apache.coyote.AbstractProtocol init
信息: Initializing ProtocolHandler ["ajp-bio-8009"]
三月 26, 2017 3:38:23 下午 org.apache.catalina.startup.Catalina load
信息: Initialization processed in 732 ms
三月 26, 2017 3:38:23 下午 org.apache.catalina.core.StandardService startInternal
信息: Starting service Catalina
三月 26, 2017 3:38:23 下午 org.apache.catalina.core.StandardEngine startInternal
信息: Starting Servlet Engine: Apache Tomcat/7.0.28
三月 26, 2017 3:38:23 下午 org.apache.catalina.startup.HostConfig deployWAR
信息: Deploying web application archive F:\my_tool\tomcat-7_test\webapps\wms.war
三月 26, 2017 3:38:33 下午 org.apache.catalina.startup.HostConfig deployDirectory
信息: Deploying web application directory F:\my_tool\tomcat-7_test\webapps\docs
三月 26, 2017 3:38:33 下午 org.apache.catalina.startup.HostConfig deployDirectory
信息: Deploying web application directory F:\my_tool\tomcat-7_test\webapps\examples
三月 26, 2017 3:38:33 下午 org.apache.catalina.startup.HostConfig deployDirectory
信息: Deploying web application directory F:\my_tool\tomcat-7_test\webapps\host-manager
三月 26, 2017 3:38:33 下午 org.apache.catalina.startup.HostConfig deployDirectory
信息: Deploying web application directory F:\my_tool\tomcat-7_test\webapps\manager
三月 26, 2017 3:38:34 下午 org.apache.coyote.AbstractProtocol start
信息: Starting ProtocolHandler ["http-bio-9090"]
三月 26, 2017 3:38:34 下午 org.apache.coyote.AbstractProtocol start
信息: Starting ProtocolHandler ["ajp-bio-8009"]
三月 26, 2017 3:38:34 下午 org.apache.catalina.startup.Catalina start
信息: Server startup in 10099 ms
三月 26, 2017 3:46:11 下午 org.apache.catalina.core.AprLifecycleListener init
信息: The APR based Apache Tomcat Native library which allows optimal performance in production environments was not found on the java.library.path: E:\Program Files\JavaHome\jdk1.7.0_51\bin;C:\WINDOWS\Sun\Java\bin;C:\WINDOWS\system32;C:\WINDOWS;C:\WINDOWS\system32;C:\WINDOWS;C:\WINDOWS\System32\Wbem;C:\WINDOWS\System32\WindowsPowerShell\v1.0\;E:\Program Files\JavaHome\jdk1.7.0_51\bin;C:\Program Files\TortoiseSVN\bin;E:\Program Files\mysql-5.6.24-winx64\bin;C:\Program Files\Intel\WiFi\bin\;C:\Program Files\Common Files\Intel\WirelessCommon\;C:\Program Files\Intel\WiFi\bin\;C:\Program Files\Common Files\Intel\WirelessCommon\;%USERPROFILE%\AppData\Local\Microsoft\WindowsApps;;.
三月 26, 2017 3:46:11 下午 org.apache.coyote.AbstractProtocol init
信息: Initializing ProtocolHandler ["http-bio-9090"]
三月 26, 2017 3:46:11 下午 org.apache.coyote.AbstractProtocol init
信息: Initializing ProtocolHandler ["ajp-bio-8009"]
三月 26, 2017 3:46:11 下午 org.apache.catalina.startup.Catalina load
信息: Initialization processed in 711 ms
三月 26, 2017 3:46:11 下午 org.apache.catalina.core.StandardService startInternal
信息: Starting service Catalina
三月 26, 2017 3:46:11 下午 org.apache.catalina.core.StandardEngine startInternal
信息: Starting Servlet Engine: Apache Tomcat/7.0.28
三月 26, 2017 3:46:11 下午 org.apache.catalina.startup.HostConfig deployWAR
信息: Deploying web application archive F:\my_tool\tomcat-7_test\webapps\minipss.war
三月 26, 2017 3:46:12 下午 org.apache.tomcat.util.scan.StandardJarScanner scan
警告: Failed to scan JAR [file:/F:/my_tool/tomcat-7_test/webapps/minipss/WEB-INF/lib/thumbnailator-0.4.8.jar] from WEB-INF/lib
java.util.zip.ZipException: error in opening zip file
	at java.util.zip.ZipFile.open(Native Method)
	at java.util.zip.ZipFile.<init>(ZipFile.java:215)
	at java.util.zip.ZipFile.<init>(ZipFile.java:145)
	at java.util.jar.JarFile.<init>(JarFile.java:153)
	at java.util.jar.JarFile.<init>(JarFile.java:90)
	at sun.net.www.protocol.jar.URLJarFile.<init>(URLJarFile.java:93)
	at sun.net.www.protocol.jar.URLJarFile.getJarFile(URLJarFile.java:69)
	at sun.net.www.protocol.jar.JarFileFactory.get(JarFileFactory.java:109)
	at sun.net.www.protocol.jar.JarURLConnection.connect(JarURLConnection.java:122)
	at sun.net.www.protocol.jar.JarURLConnection.getJarFile(JarURLConnection.java:89)
	at org.apache.tomcat.util.scan.FileUrlJar.<init>(FileUrlJar.java:41)
	at org.apache.tomcat.util.scan.JarFactory.newInstance(JarFactory.java:34)
	at org.apache.catalina.startup.ContextConfig$FragmentJarScannerCallback.scan(ContextConfig.java:2563)
	at org.apache.tomcat.util.scan.StandardJarScanner.process(StandardJarScanner.java:241)
	at org.apache.tomcat.util.scan.StandardJarScanner.scan(StandardJarScanner.java:166)
	at org.apache.catalina.startup.ContextConfig.processJarsForWebFragments(ContextConfig.java:1872)
	at org.apache.catalina.startup.ContextConfig.webConfig(ContextConfig.java:1222)
	at org.apache.catalina.startup.ContextConfig.configureStart(ContextConfig.java:855)
	at org.apache.catalina.startup.ContextConfig.lifecycleEvent(ContextConfig.java:346)
	at org.apache.catalina.util.LifecycleSupport.fireLifecycleEvent(LifecycleSupport.java:119)
	at org.apache.catalina.util.LifecycleBase.fireLifecycleEvent(LifecycleBase.java:90)
	at org.apache.catalina.core.StandardContext.startInternal(StandardContext.java:5172)
	at org.apache.catalina.util.LifecycleBase.start(LifecycleBase.java:150)
	at org.apache.catalina.core.ContainerBase.addChildInternal(ContainerBase.java:899)
	at org.apache.catalina.core.ContainerBase.addChild(ContainerBase.java:875)
	at org.apache.catalina.core.StandardHost.addChild(StandardHost.java:618)
	at org.apache.catalina.startup.HostConfig.deployWAR(HostConfig.java:963)
	at org.apache.catalina.startup.HostConfig$DeployWar.run(HostConfig.java:1600)
	at java.util.concurrent.Executors$RunnableAdapter.call(Executors.java:471)
	at java.util.concurrent.FutureTask.run(FutureTask.java:262)
	at java.util.concurrent.ThreadPoolExecutor.runWorker(ThreadPoolExecutor.java:1145)
	at java.util.concurrent.ThreadPoolExecutor$Worker.run(ThreadPoolExecutor.java:615)
	at java.lang.Thread.run(Thread.java:744)

三月 26, 2017 3:46:12 下午 org.apache.catalina.startup.ContextConfig processServletContainerInitializers
严重: Failed to process JAR found at URL [jar:file:/F:/my_tool/tomcat-7_test/webapps/minipss/WEB-INF/lib/thumbnailator-0.4.8.jar!/] for ServletContainerInitializers for context with name [/minipss]
三月 26, 2017 3:46:12 下午 org.apache.catalina.startup.ContextConfig configureStart
严重: Marking this application unavailable due to previous error(s)
三月 26, 2017 3:46:12 下午 org.apache.catalina.startup.TldConfig tldScanJar
警告: Failed to process JAR [jar:file:/F:/my_tool/tomcat-7_test/webapps/minipss/WEB-INF/lib/thumbnailator-0.4.8.jar!/] for TLD files
java.util.zip.ZipException: error in opening zip file
	at java.util.zip.ZipFile.open(Native Method)
	at java.util.zip.ZipFile.<init>(ZipFile.java:215)
	at java.util.zip.ZipFile.<init>(ZipFile.java:145)
	at java.util.jar.JarFile.<init>(JarFile.java:153)
	at java.util.jar.JarFile.<init>(JarFile.java:90)
	at sun.net.www.protocol.jar.URLJarFile.<init>(URLJarFile.java:93)
	at sun.net.www.protocol.jar.URLJarFile.getJarFile(URLJarFile.java:69)
	at sun.net.www.protocol.jar.JarFileFactory.get(JarFileFactory.java:109)
	at sun.net.www.protocol.jar.JarURLConnection.connect(JarURLConnection.java:122)
	at sun.net.www.protocol.jar.JarURLConnection.getJarFile(JarURLConnection.java:89)
	at org.apache.tomcat.util.scan.FileUrlJar.<init>(FileUrlJar.java:41)
	at org.apache.tomcat.util.scan.JarFactory.newInstance(JarFactory.java:34)
	at org.apache.catalina.startup.TldConfig.tldScanJar(TldConfig.java:460)
	at org.apache.catalina.startup.TldConfig.access$100(TldConfig.java:58)
	at org.apache.catalina.startup.TldConfig$TldJarScannerCallback.scan(TldConfig.java:276)
	at org.apache.tomcat.util.scan.StandardJarScanner.process(StandardJarScanner.java:241)
	at org.apache.tomcat.util.scan.StandardJarScanner.scan(StandardJarScanner.java:166)
	at org.apache.catalina.startup.TldConfig.execute(TldConfig.java:250)
	at org.apache.catalina.startup.TldConfig.lifecycleEvent(TldConfig.java:540)
	at org.apache.catalina.util.LifecycleSupport.fireLifecycleEvent(LifecycleSupport.java:119)
	at org.apache.catalina.util.LifecycleBase.fireLifecycleEvent(LifecycleBase.java:90)
	at org.apache.catalina.core.StandardContext.startInternal(StandardContext.java:5172)
	at org.apache.catalina.util.LifecycleBase.start(LifecycleBase.java:150)
	at org.apache.catalina.core.ContainerBase.addChildInternal(ContainerBase.java:899)
	at org.apache.catalina.core.ContainerBase.addChild(ContainerBase.java:875)
	at org.apache.catalina.core.StandardHost.addChild(StandardHost.java:618)
	at org.apache.catalina.startup.HostConfig.deployWAR(HostConfig.java:963)
	at org.apache.catalina.startup.HostConfig$DeployWar.run(HostConfig.java:1600)
	at java.util.concurrent.Executors$RunnableAdapter.call(Executors.java:471)
	at java.util.concurrent.FutureTask.run(FutureTask.java:262)
	at java.util.concurrent.ThreadPoolExecutor.runWorker(ThreadPoolExecutor.java:1145)
	at java.util.concurrent.ThreadPoolExecutor$Worker.run(ThreadPoolExecutor.java:615)
	at java.lang.Thread.run(Thread.java:744)

三月 26, 2017 3:46:12 下午 org.apache.catalina.core.StandardContext startInternal
严重: Error getConfigured
三月 26, 2017 3:46:12 下午 org.apache.catalina.core.StandardContext startInternal
严重: Context [/minipss] startup failed due to previous errors
三月 26, 2017 3:46:12 下午 org.apache.catalina.startup.HostConfig deployDirectory
信息: Deploying web application directory F:\my_tool\tomcat-7_test\webapps\docs
三月 26, 2017 3:46:12 下午 org.apache.catalina.startup.HostConfig deployDirectory
信息: Deploying web application directory F:\my_tool\tomcat-7_test\webapps\examples
三月 26, 2017 3:46:13 下午 org.apache.catalina.startup.HostConfig deployDirectory
信息: Deploying web application directory F:\my_tool\tomcat-7_test\webapps\host-manager
三月 26, 2017 3:46:13 下午 org.apache.catalina.startup.HostConfig deployDirectory
信息: Deploying web application directory F:\my_tool\tomcat-7_test\webapps\manager
三月 26, 2017 3:46:13 下午 org.apache.coyote.AbstractProtocol start
信息: Starting ProtocolHandler ["http-bio-9090"]
三月 26, 2017 3:46:13 下午 org.apache.coyote.AbstractProtocol start
信息: Starting ProtocolHandler ["ajp-bio-8009"]
三月 26, 2017 3:46:13 下午 org.apache.catalina.startup.Catalina start
信息: Server startup in 1850 ms
三月 26, 2017 3:47:20 下午 org.apache.catalina.core.AprLifecycleListener init
信息: The APR based Apache Tomcat Native library which allows optimal performance in production environments was not found on the java.library.path: E:\Program Files\JavaHome\jdk1.7.0_51\bin;C:\WINDOWS\Sun\Java\bin;C:\WINDOWS\system32;C:\WINDOWS;C:\WINDOWS\system32;C:\WINDOWS;C:\WINDOWS\System32\Wbem;C:\WINDOWS\System32\WindowsPowerShell\v1.0\;E:\Program Files\JavaHome\jdk1.7.0_51\bin;C:\Program Files\TortoiseSVN\bin;E:\Program Files\mysql-5.6.24-winx64\bin;C:\Program Files\Intel\WiFi\bin\;C:\Program Files\Common Files\Intel\WirelessCommon\;C:\Program Files\Intel\WiFi\bin\;C:\Program Files\Common Files\Intel\WirelessCommon\;%USERPROFILE%\AppData\Local\Microsoft\WindowsApps;;.
三月 26, 2017 3:47:20 下午 org.apache.coyote.AbstractProtocol init
信息: Initializing ProtocolHandler ["http-bio-9090"]
三月 26, 2017 3:47:20 下午 org.apache.coyote.AbstractProtocol init
信息: Initializing ProtocolHandler ["ajp-bio-8009"]
三月 26, 2017 3:47:20 下午 org.apache.catalina.startup.Catalina load
信息: Initialization processed in 791 ms
三月 26, 2017 3:47:20 下午 org.apache.catalina.core.StandardService startInternal
信息: Starting service Catalina
三月 26, 2017 3:47:20 下午 org.apache.catalina.core.StandardEngine startInternal
信息: Starting Servlet Engine: Apache Tomcat/7.0.28
三月 26, 2017 3:47:20 下午 org.apache.catalina.startup.HostConfig deployDirectory
信息: Deploying web application directory F:\my_tool\tomcat-7_test\webapps\docs
三月 26, 2017 3:47:20 下午 org.apache.catalina.startup.HostConfig deployDirectory
信息: Deploying web application directory F:\my_tool\tomcat-7_test\webapps\examples
三月 26, 2017 3:47:21 下午 org.apache.catalina.startup.HostConfig deployDirectory
信息: Deploying web application directory F:\my_tool\tomcat-7_test\webapps\host-manager
三月 26, 2017 3:47:21 下午 org.apache.catalina.startup.HostConfig deployDirectory
信息: Deploying web application directory F:\my_tool\tomcat-7_test\webapps\manager
三月 26, 2017 3:47:21 下午 org.apache.catalina.startup.HostConfig deployDirectory
信息: Deploying web application directory F:\my_tool\tomcat-7_test\webapps\minipss
三月 26, 2017 3:47:21 下午 org.apache.tomcat.util.scan.StandardJarScanner scan
警告: Failed to scan JAR [file:/F:/my_tool/tomcat-7_test/webapps/minipss/WEB-INF/lib/thumbnailator-0.4.8.jar] from WEB-INF/lib
java.util.zip.ZipException: error in opening zip file
	at java.util.zip.ZipFile.open(Native Method)
	at java.util.zip.ZipFile.<init>(ZipFile.java:215)
	at java.util.zip.ZipFile.<init>(ZipFile.java:145)
	at java.util.jar.JarFile.<init>(JarFile.java:153)
	at java.util.jar.JarFile.<init>(JarFile.java:90)
	at sun.net.www.protocol.jar.URLJarFile.<init>(URLJarFile.java:93)
	at sun.net.www.protocol.jar.URLJarFile.getJarFile(URLJarFile.java:69)
	at sun.net.www.protocol.jar.JarFileFactory.get(JarFileFactory.java:109)
	at sun.net.www.protocol.jar.JarURLConnection.connect(JarURLConnection.java:122)
	at sun.net.www.protocol.jar.JarURLConnection.getJarFile(JarURLConnection.java:89)
	at org.apache.tomcat.util.scan.FileUrlJar.<init>(FileUrlJar.java:41)
	at org.apache.tomcat.util.scan.JarFactory.newInstance(JarFactory.java:34)
	at org.apache.catalina.startup.ContextConfig$FragmentJarScannerCallback.scan(ContextConfig.java:2563)
	at org.apache.tomcat.util.scan.StandardJarScanner.process(StandardJarScanner.java:241)
	at org.apache.tomcat.util.scan.StandardJarScanner.scan(StandardJarScanner.java:166)
	at org.apache.catalina.startup.ContextConfig.processJarsForWebFragments(ContextConfig.java:1872)
	at org.apache.catalina.startup.ContextConfig.webConfig(ContextConfig.java:1222)
	at org.apache.catalina.startup.ContextConfig.configureStart(ContextConfig.java:855)
	at org.apache.catalina.startup.ContextConfig.lifecycleEvent(ContextConfig.java:346)
	at org.apache.catalina.util.LifecycleSupport.fireLifecycleEvent(LifecycleSupport.java:119)
	at org.apache.catalina.util.LifecycleBase.fireLifecycleEvent(LifecycleBase.java:90)
	at org.apache.catalina.core.StandardContext.startInternal(StandardContext.java:5172)
	at org.apache.catalina.util.LifecycleBase.start(LifecycleBase.java:150)
	at org.apache.catalina.core.ContainerBase.addChildInternal(ContainerBase.java:899)
	at org.apache.catalina.core.ContainerBase.addChild(ContainerBase.java:875)
	at org.apache.catalina.core.StandardHost.addChild(StandardHost.java:618)
	at org.apache.catalina.startup.HostConfig.deployDirectory(HostConfig.java:1100)
	at org.apache.catalina.startup.HostConfig$DeployDirectory.run(HostConfig.java:1618)
	at java.util.concurrent.Executors$RunnableAdapter.call(Executors.java:471)
	at java.util.concurrent.FutureTask.run(FutureTask.java:262)
	at java.util.concurrent.ThreadPoolExecutor.runWorker(ThreadPoolExecutor.java:1145)
	at java.util.concurrent.ThreadPoolExecutor$Worker.run(ThreadPoolExecutor.java:615)
	at java.lang.Thread.run(Thread.java:744)

三月 26, 2017 3:47:21 下午 org.apache.catalina.startup.ContextConfig processServletContainerInitializers
严重: Failed to process JAR found at URL [jar:file:/F:/my_tool/tomcat-7_test/webapps/minipss/WEB-INF/lib/thumbnailator-0.4.8.jar!/] for ServletContainerInitializers for context with name [/minipss]
三月 26, 2017 3:47:21 下午 org.apache.catalina.startup.ContextConfig configureStart
严重: Marking this application unavailable due to previous error(s)
三月 26, 2017 3:47:21 下午 org.apache.catalina.startup.TldConfig tldScanJar
警告: Failed to process JAR [jar:file:/F:/my_tool/tomcat-7_test/webapps/minipss/WEB-INF/lib/thumbnailator-0.4.8.jar!/] for TLD files
java.util.zip.ZipException: error in opening zip file
	at java.util.zip.ZipFile.open(Native Method)
	at java.util.zip.ZipFile.<init>(ZipFile.java:215)
	at java.util.zip.ZipFile.<init>(ZipFile.java:145)
	at java.util.jar.JarFile.<init>(JarFile.java:153)
	at java.util.jar.JarFile.<init>(JarFile.java:90)
	at sun.net.www.protocol.jar.URLJarFile.<init>(URLJarFile.java:93)
	at sun.net.www.protocol.jar.URLJarFile.getJarFile(URLJarFile.java:69)
	at sun.net.www.protocol.jar.JarFileFactory.get(JarFileFactory.java:109)
	at sun.net.www.protocol.jar.JarURLConnection.connect(JarURLConnection.java:122)
	at sun.net.www.protocol.jar.JarURLConnection.getJarFile(JarURLConnection.java:89)
	at org.apache.tomcat.util.scan.FileUrlJar.<init>(FileUrlJar.java:41)
	at org.apache.tomcat.util.scan.JarFactory.newInstance(JarFactory.java:34)
	at org.apache.catalina.startup.TldConfig.tldScanJar(TldConfig.java:460)
	at org.apache.catalina.startup.TldConfig.access$100(TldConfig.java:58)
	at org.apache.catalina.startup.TldConfig$TldJarScannerCallback.scan(TldConfig.java:276)
	at org.apache.tomcat.util.scan.StandardJarScanner.process(StandardJarScanner.java:241)
	at org.apache.tomcat.util.scan.StandardJarScanner.scan(StandardJarScanner.java:166)
	at org.apache.catalina.startup.TldConfig.execute(TldConfig.java:250)
	at org.apache.catalina.startup.TldConfig.lifecycleEvent(TldConfig.java:540)
	at org.apache.catalina.util.LifecycleSupport.fireLifecycleEvent(LifecycleSupport.java:119)
	at org.apache.catalina.util.LifecycleBase.fireLifecycleEvent(LifecycleBase.java:90)
	at org.apache.catalina.core.StandardContext.startInternal(StandardContext.java:5172)
	at org.apache.catalina.util.LifecycleBase.start(LifecycleBase.java:150)
	at org.apache.catalina.core.ContainerBase.addChildInternal(ContainerBase.java:899)
	at org.apache.catalina.core.ContainerBase.addChild(ContainerBase.java:875)
	at org.apache.catalina.core.StandardHost.addChild(StandardHost.java:618)
	at org.apache.catalina.startup.HostConfig.deployDirectory(HostConfig.java:1100)
	at org.apache.catalina.startup.HostConfig$DeployDirectory.run(HostConfig.java:1618)
	at java.util.concurrent.Executors$RunnableAdapter.call(Executors.java:471)
	at java.util.concurrent.FutureTask.run(FutureTask.java:262)
	at java.util.concurrent.ThreadPoolExecutor.runWorker(ThreadPoolExecutor.java:1145)
	at java.util.concurrent.ThreadPoolExecutor$Worker.run(ThreadPoolExecutor.java:615)
	at java.lang.Thread.run(Thread.java:744)

三月 26, 2017 3:47:21 下午 org.apache.catalina.core.StandardContext startInternal
严重: Error getConfigured
三月 26, 2017 3:47:21 下午 org.apache.catalina.core.StandardContext startInternal
严重: Context [/minipss] startup failed due to previous errors
三月 26, 2017 3:47:21 下午 org.apache.coyote.AbstractProtocol start
信息: Starting ProtocolHandler ["http-bio-9090"]
三月 26, 2017 3:47:21 下午 org.apache.coyote.AbstractProtocol start
信息: Starting ProtocolHandler ["ajp-bio-8009"]
三月 26, 2017 3:47:21 下午 org.apache.catalina.startup.Catalina start
信息: Server startup in 1082 ms
