十月 14, 2019 11:32:41 上午 org.apache.catalina.core.AprLifecycleListener init
信息: The APR based Apache Tomcat Native library which allows optimal performance in production environments was not found on the java.library.path: F:\openSource\jdk1.7\bin;C:\Windows\Sun\Java\bin;C:\Windows\system32;C:\Windows;C:\ProgramData\Oracle\Java\javapath;C:\Windows\system32;C:\Windows;C:\Windows\System32\Wbem;C:\Windows\System32\WindowsPowerShell\v1.0\;C:\Windows\System32\OpenSSH\;C:\Program Files\Intel\WiFi\bin\;C:\Program Files\Common Files\Intel\WirelessCommon\;F:\MySql\bin\;C:\Program Files\Java\jdk1.8.0_144\bin;%CATALINA_HOME%\bin;F:\apache-maven-3.2.5\bin;F:\Git\cmd;C:\Program Files\nodejs\;F:\Program Files\nodejs\node_global\node_modules\hexo-cli\bin;F:\Program Files\nodejs\node_global;F:\hadoop\hadoop-2.7.2\bin;F:\hadoop\hadoop-2.7.2;F:\scala\bin;C:\Program Files\MacType;C:\Users\My\AppData\Local\Microsoft\WindowsApps;C:\Program Files\Intel\WiFi\bin\;C:\Program Files\Common Files\Intel\WirelessCommon\;E:\Bandizip\;C:\Users\My\AppData\Local\GitHubDesktop\bin;C:\Users\My\AppData\Roaming\npm;F:\Microsoft VS Code\bin;.
十月 14, 2019 11:32:42 上午 org.apache.coyote.AbstractProtocol init
信息: Initializing ProtocolHandler ["http-bio-8099"]
十月 14, 2019 11:32:42 上午 org.apache.coyote.AbstractProtocol init
信息: Initializing ProtocolHandler ["ajp-bio-8009"]
十月 14, 2019 11:32:42 上午 org.apache.catalina.startup.Catalina load
信息: Initialization processed in 876 ms
十月 14, 2019 11:32:42 上午 org.apache.catalina.core.StandardService startInternal
信息: Starting service Catalina
十月 14, 2019 11:32:42 上午 org.apache.catalina.core.StandardEngine startInternal
信息: Starting Servlet Engine: Apache Tomcat/7.0.28
十月 14, 2019 11:32:42 上午 org.apache.catalina.startup.HostConfig deployDirectory
信息: Deploying web application directory F:\openSource\dubbo-admin-tomcat\webapps\docs
十月 14, 2019 11:32:42 上午 org.apache.catalina.util.SessionIdGenerator createSecureRandom
信息: Creation of SecureRandom instance for session ID generation using [SHA1PRNG] took [352] milliseconds.
十月 14, 2019 11:32:42 上午 org.apache.catalina.startup.HostConfig deployDirectory
信息: Deploying web application directory F:\openSource\dubbo-admin-tomcat\webapps\examples
十月 14, 2019 11:32:43 上午 org.apache.catalina.startup.HostConfig deployDirectory
信息: Deploying web application directory F:\openSource\dubbo-admin-tomcat\webapps\host-manager
十月 14, 2019 11:32:43 上午 org.apache.catalina.startup.HostConfig deployDirectory
信息: Deploying web application directory F:\openSource\dubbo-admin-tomcat\webapps\manager
十月 14, 2019 11:32:43 上午 org.apache.catalina.startup.HostConfig deployDirectory
信息: Deploying web application directory F:\openSource\dubbo-admin-tomcat\webapps\ROOT
十月 14, 2019 11:33:52 上午 org.apache.coyote.AbstractProtocol start
信息: Starting ProtocolHandler ["http-bio-8099"]
十月 14, 2019 11:33:52 上午 org.apache.coyote.AbstractProtocol start
信息: Starting ProtocolHandler ["ajp-bio-8009"]
十月 14, 2019 11:33:52 上午 org.apache.catalina.startup.Catalina start
信息: Server startup in 70163 ms
