五月 20, 2019 10:08:37 下午 org.apache.catalina.core.AprLifecycleListener init
信息: The APR based Apache Tomcat Native library which allows optimal performance in production environments was not found on the java.library.path: F:\openSource\jdk1.7\bin;C:\Windows\Sun\Java\bin;C:\Windows\system32;C:\Windows;C:\ProgramData\Oracle\Java\javapath;C:\Windows\system32;C:\Windows;C:\Windows\System32\Wbem;C:\Windows\System32\WindowsPowerShell\v1.0\;C:\Windows\System32\OpenSSH\;C:\Program Files\Intel\WiFi\bin\;C:\Program Files\Common Files\Intel\WirelessCommon\;F:\MySql\bin\;C:\Program Files\Java\jdk1.8.0_144\bin;%CATALINA_HOME%\bin;F:\apache-maven-3.2.5\bin;F:\Git\cmd;C:\Program Files\nodejs\;F:\Program Files\nodejs\node_global\node_modules\hexo-cli\bin;F:\Program Files\nodejs\node_global;C:\Users\My\AppData\Local\Microsoft\WindowsApps;C:\Program Files\Intel\WiFi\bin\;C:\Program Files\Common Files\Intel\WirelessCommon\;E:\Bandizip\;C:\Users\My\AppData\Local\GitHubDesktop\bin;C:\Users\My\AppData\Roaming\npm;.
五月 20, 2019 10:08:38 下午 org.apache.coyote.AbstractProtocol init
信息: Initializing ProtocolHandler ["http-bio-8099"]
五月 20, 2019 10:08:38 下午 org.apache.coyote.AbstractProtocol init
信息: Initializing ProtocolHandler ["ajp-bio-8009"]
五月 20, 2019 10:08:38 下午 org.apache.catalina.startup.Catalina load
信息: Initialization processed in 1201 ms
五月 20, 2019 10:08:38 下午 org.apache.catalina.core.StandardService startInternal
信息: Starting service Catalina
五月 20, 2019 10:08:38 下午 org.apache.catalina.core.StandardEngine startInternal
信息: Starting Servlet Engine: Apache Tomcat/7.0.28
五月 20, 2019 10:08:38 下午 org.apache.catalina.startup.HostConfig deployDirectory
信息: Deploying web application directory F:\openSource\dubbo-admin-tomcat\webapps\docs
五月 20, 2019 10:08:38 下午 org.apache.catalina.util.SessionIdGenerator createSecureRandom
信息: Creation of SecureRandom instance for session ID generation using [SHA1PRNG] took [358] milliseconds.
五月 20, 2019 10:08:39 下午 org.apache.catalina.startup.HostConfig deployDirectory
信息: Deploying web application directory F:\openSource\dubbo-admin-tomcat\webapps\examples
五月 20, 2019 10:08:39 下午 org.apache.catalina.startup.HostConfig deployDirectory
信息: Deploying web application directory F:\openSource\dubbo-admin-tomcat\webapps\host-manager
五月 20, 2019 10:08:39 下午 org.apache.catalina.startup.HostConfig deployDirectory
信息: Deploying web application directory F:\openSource\dubbo-admin-tomcat\webapps\manager
五月 20, 2019 10:08:39 下午 org.apache.catalina.startup.HostConfig deployDirectory
信息: Deploying web application directory F:\openSource\dubbo-admin-tomcat\webapps\ROOT
五月 20, 2019 10:09:08 下午 org.apache.coyote.AbstractProtocol start
信息: Starting ProtocolHandler ["http-bio-8099"]
五月 20, 2019 10:09:08 下午 org.apache.coyote.AbstractProtocol start
信息: Starting ProtocolHandler ["ajp-bio-8009"]
五月 20, 2019 10:09:08 下午 org.apache.catalina.startup.Catalina start
信息: Server startup in 30662 ms
五月 20, 2019 10:10:15 下午 org.apache.catalina.core.AprLifecycleListener init
信息: The APR based Apache Tomcat Native library which allows optimal performance in production environments was not found on the java.library.path: F:\openSource\jdk1.7\bin;C:\Windows\Sun\Java\bin;C:\Windows\system32;C:\Windows;C:\ProgramData\Oracle\Java\javapath;C:\Windows\system32;C:\Windows;C:\Windows\System32\Wbem;C:\Windows\System32\WindowsPowerShell\v1.0\;C:\Windows\System32\OpenSSH\;C:\Program Files\Intel\WiFi\bin\;C:\Program Files\Common Files\Intel\WirelessCommon\;F:\MySql\bin\;C:\Program Files\Java\jdk1.8.0_144\bin;%CATALINA_HOME%\bin;F:\apache-maven-3.2.5\bin;F:\Git\cmd;C:\Program Files\nodejs\;F:\Program Files\nodejs\node_global\node_modules\hexo-cli\bin;F:\Program Files\nodejs\node_global;C:\Users\My\AppData\Local\Microsoft\WindowsApps;C:\Program Files\Intel\WiFi\bin\;C:\Program Files\Common Files\Intel\WirelessCommon\;E:\Bandizip\;C:\Users\My\AppData\Local\GitHubDesktop\bin;C:\Users\My\AppData\Roaming\npm;.
五月 20, 2019 10:10:16 下午 org.apache.coyote.AbstractProtocol init
信息: Initializing ProtocolHandler ["http-bio-8099"]
五月 20, 2019 10:10:16 下午 org.apache.coyote.AbstractProtocol init
信息: Initializing ProtocolHandler ["ajp-bio-8009"]
五月 20, 2019 10:10:16 下午 org.apache.catalina.startup.Catalina load
信息: Initialization processed in 776 ms
五月 20, 2019 10:10:16 下午 org.apache.catalina.core.StandardService startInternal
信息: Starting service Catalina
五月 20, 2019 10:10:16 下午 org.apache.catalina.core.StandardEngine startInternal
信息: Starting Servlet Engine: Apache Tomcat/7.0.28
五月 20, 2019 10:10:16 下午 org.apache.catalina.startup.HostConfig deployDirectory
信息: Deploying web application directory F:\openSource\dubbo-admin-tomcat\webapps\docs
五月 20, 2019 10:10:17 下午 org.apache.catalina.util.SessionIdGenerator createSecureRandom
信息: Creation of SecureRandom instance for session ID generation using [SHA1PRNG] took [362] milliseconds.
五月 20, 2019 10:10:17 下午 org.apache.catalina.startup.HostConfig deployDirectory
信息: Deploying web application directory F:\openSource\dubbo-admin-tomcat\webapps\examples
五月 20, 2019 10:10:17 下午 org.apache.catalina.startup.HostConfig deployDirectory
信息: Deploying web application directory F:\openSource\dubbo-admin-tomcat\webapps\host-manager
五月 20, 2019 10:10:18 下午 org.apache.catalina.startup.HostConfig deployDirectory
信息: Deploying web application directory F:\openSource\dubbo-admin-tomcat\webapps\manager
五月 20, 2019 10:10:18 下午 org.apache.catalina.startup.HostConfig deployDirectory
信息: Deploying web application directory F:\openSource\dubbo-admin-tomcat\webapps\ROOT
五月 20, 2019 10:11:44 下午 org.apache.catalina.core.AprLifecycleListener init
信息: The APR based Apache Tomcat Native library which allows optimal performance in production environments was not found on the java.library.path: F:\openSource\jdk1.7\bin;C:\Windows\Sun\Java\bin;C:\Windows\system32;C:\Windows;C:\ProgramData\Oracle\Java\javapath;C:\Windows\system32;C:\Windows;C:\Windows\System32\Wbem;C:\Windows\System32\WindowsPowerShell\v1.0\;C:\Windows\System32\OpenSSH\;C:\Program Files\Intel\WiFi\bin\;C:\Program Files\Common Files\Intel\WirelessCommon\;F:\MySql\bin\;C:\Program Files\Java\jdk1.8.0_144\bin;%CATALINA_HOME%\bin;F:\apache-maven-3.2.5\bin;F:\Git\cmd;C:\Program Files\nodejs\;F:\Program Files\nodejs\node_global\node_modules\hexo-cli\bin;F:\Program Files\nodejs\node_global;C:\Users\My\AppData\Local\Microsoft\WindowsApps;C:\Program Files\Intel\WiFi\bin\;C:\Program Files\Common Files\Intel\WirelessCommon\;E:\Bandizip\;C:\Users\My\AppData\Local\GitHubDesktop\bin;C:\Users\My\AppData\Roaming\npm;.
五月 20, 2019 10:11:44 下午 org.apache.coyote.AbstractProtocol init
信息: Initializing ProtocolHandler ["http-bio-8099"]
五月 20, 2019 10:11:44 下午 org.apache.coyote.AbstractProtocol init
信息: Initializing ProtocolHandler ["ajp-bio-8009"]
五月 20, 2019 10:11:44 下午 org.apache.catalina.startup.Catalina load
信息: Initialization processed in 848 ms
五月 20, 2019 10:11:44 下午 org.apache.catalina.core.StandardService startInternal
信息: Starting service Catalina
五月 20, 2019 10:11:44 下午 org.apache.catalina.core.StandardEngine startInternal
信息: Starting Servlet Engine: Apache Tomcat/7.0.28
五月 20, 2019 10:11:44 下午 org.apache.catalina.startup.HostConfig deployDirectory
信息: Deploying web application directory F:\openSource\dubbo-admin-tomcat\webapps\docs
五月 20, 2019 10:11:45 下午 org.apache.catalina.util.SessionIdGenerator createSecureRandom
信息: Creation of SecureRandom instance for session ID generation using [SHA1PRNG] took [273] milliseconds.
五月 20, 2019 10:11:45 下午 org.apache.catalina.startup.HostConfig deployDirectory
信息: Deploying web application directory F:\openSource\dubbo-admin-tomcat\webapps\examples
五月 20, 2019 10:11:45 下午 org.apache.catalina.startup.HostConfig deployDirectory
信息: Deploying web application directory F:\openSource\dubbo-admin-tomcat\webapps\host-manager
五月 20, 2019 10:11:45 下午 org.apache.catalina.startup.HostConfig deployDirectory
信息: Deploying web application directory F:\openSource\dubbo-admin-tomcat\webapps\manager
五月 20, 2019 10:11:45 下午 org.apache.catalina.startup.HostConfig deployDirectory
信息: Deploying web application directory F:\openSource\dubbo-admin-tomcat\webapps\ROOT
五月 20, 2019 10:14:12 下午 org.apache.catalina.core.AprLifecycleListener init
信息: The APR based Apache Tomcat Native library which allows optimal performance in production environments was not found on the java.library.path: F:\openSource\jdk1.7\bin;C:\Windows\Sun\Java\bin;C:\Windows\system32;C:\Windows;C:\ProgramData\Oracle\Java\javapath;C:\Windows\system32;C:\Windows;C:\Windows\System32\Wbem;C:\Windows\System32\WindowsPowerShell\v1.0\;C:\Windows\System32\OpenSSH\;C:\Program Files\Intel\WiFi\bin\;C:\Program Files\Common Files\Intel\WirelessCommon\;F:\MySql\bin\;C:\Program Files\Java\jdk1.8.0_144\bin;%CATALINA_HOME%\bin;F:\apache-maven-3.2.5\bin;F:\Git\cmd;C:\Program Files\nodejs\;F:\Program Files\nodejs\node_global\node_modules\hexo-cli\bin;F:\Program Files\nodejs\node_global;C:\Users\My\AppData\Local\Microsoft\WindowsApps;C:\Program Files\Intel\WiFi\bin\;C:\Program Files\Common Files\Intel\WirelessCommon\;E:\Bandizip\;C:\Users\My\AppData\Local\GitHubDesktop\bin;C:\Users\My\AppData\Roaming\npm;.
五月 20, 2019 10:14:13 下午 org.apache.coyote.AbstractProtocol init
信息: Initializing ProtocolHandler ["http-bio-8099"]
五月 20, 2019 10:14:13 下午 org.apache.coyote.AbstractProtocol init
信息: Initializing ProtocolHandler ["ajp-bio-8009"]
五月 20, 2019 10:14:13 下午 org.apache.catalina.startup.Catalina load
信息: Initialization processed in 1282 ms
五月 20, 2019 10:14:13 下午 org.apache.catalina.core.StandardService startInternal
信息: Starting service Catalina
五月 20, 2019 10:14:13 下午 org.apache.catalina.core.StandardEngine startInternal
信息: Starting Servlet Engine: Apache Tomcat/7.0.28
五月 20, 2019 10:14:13 下午 org.apache.catalina.startup.HostConfig deployDirectory
信息: Deploying web application directory F:\openSource\dubbo-admin-tomcat\webapps\docs
五月 20, 2019 10:14:13 下午 org.apache.catalina.util.SessionIdGenerator createSecureRandom
信息: Creation of SecureRandom instance for session ID generation using [SHA1PRNG] took [316] milliseconds.
五月 20, 2019 10:14:13 下午 org.apache.catalina.startup.HostConfig deployDirectory
信息: Deploying web application directory F:\openSource\dubbo-admin-tomcat\webapps\examples
五月 20, 2019 10:14:14 下午 org.apache.catalina.startup.HostConfig deployDirectory
信息: Deploying web application directory F:\openSource\dubbo-admin-tomcat\webapps\host-manager
五月 20, 2019 10:14:14 下午 org.apache.catalina.startup.HostConfig deployDirectory
信息: Deploying web application directory F:\openSource\dubbo-admin-tomcat\webapps\manager
五月 20, 2019 10:14:14 下午 org.apache.catalina.startup.HostConfig deployDirectory
信息: Deploying web application directory F:\openSource\dubbo-admin-tomcat\webapps\ROOT
五月 20, 2019 10:15:45 下午 org.apache.catalina.core.AprLifecycleListener init
信息: The APR based Apache Tomcat Native library which allows optimal performance in production environments was not found on the java.library.path: F:\openSource\jdk1.7\bin;C:\Windows\Sun\Java\bin;C:\Windows\system32;C:\Windows;C:\ProgramData\Oracle\Java\javapath;C:\Windows\system32;C:\Windows;C:\Windows\System32\Wbem;C:\Windows\System32\WindowsPowerShell\v1.0\;C:\Windows\System32\OpenSSH\;C:\Program Files\Intel\WiFi\bin\;C:\Program Files\Common Files\Intel\WirelessCommon\;F:\MySql\bin\;C:\Program Files\Java\jdk1.8.0_144\bin;%CATALINA_HOME%\bin;F:\apache-maven-3.2.5\bin;F:\Git\cmd;C:\Program Files\nodejs\;F:\Program Files\nodejs\node_global\node_modules\hexo-cli\bin;F:\Program Files\nodejs\node_global;C:\Users\My\AppData\Local\Microsoft\WindowsApps;C:\Program Files\Intel\WiFi\bin\;C:\Program Files\Common Files\Intel\WirelessCommon\;E:\Bandizip\;C:\Users\My\AppData\Local\GitHubDesktop\bin;C:\Users\My\AppData\Roaming\npm;.
五月 20, 2019 10:15:46 下午 org.apache.coyote.AbstractProtocol init
信息: Initializing ProtocolHandler ["http-bio-8099"]
五月 20, 2019 10:15:46 下午 org.apache.coyote.AbstractProtocol init
信息: Initializing ProtocolHandler ["ajp-bio-8009"]
五月 20, 2019 10:15:46 下午 org.apache.catalina.startup.Catalina load
信息: Initialization processed in 1156 ms
五月 20, 2019 10:15:46 下午 org.apache.catalina.core.StandardService startInternal
信息: Starting service Catalina
五月 20, 2019 10:15:46 下午 org.apache.catalina.core.StandardEngine startInternal
信息: Starting Servlet Engine: Apache Tomcat/7.0.28
五月 20, 2019 10:15:46 下午 org.apache.catalina.startup.HostConfig deployDirectory
信息: Deploying web application directory F:\openSource\dubbo-admin-tomcat\webapps\docs
五月 20, 2019 10:15:47 下午 org.apache.catalina.util.SessionIdGenerator createSecureRandom
信息: Creation of SecureRandom instance for session ID generation using [SHA1PRNG] took [307] milliseconds.
五月 20, 2019 10:15:47 下午 org.apache.catalina.startup.HostConfig deployDirectory
信息: Deploying web application directory F:\openSource\dubbo-admin-tomcat\webapps\examples
五月 20, 2019 10:15:47 下午 org.apache.catalina.startup.HostConfig deployDirectory
信息: Deploying web application directory F:\openSource\dubbo-admin-tomcat\webapps\host-manager
五月 20, 2019 10:15:47 下午 org.apache.catalina.startup.HostConfig deployDirectory
信息: Deploying web application directory F:\openSource\dubbo-admin-tomcat\webapps\manager
五月 20, 2019 10:15:47 下午 org.apache.catalina.startup.HostConfig deployDirectory
信息: Deploying web application directory F:\openSource\dubbo-admin-tomcat\webapps\ROOT
五月 20, 2019 10:19:53 下午 org.apache.catalina.core.AprLifecycleListener init
信息: The APR based Apache Tomcat Native library which allows optimal performance in production environments was not found on the java.library.path: F:\openSource\jdk1.7\bin;C:\Windows\Sun\Java\bin;C:\Windows\system32;C:\Windows;C:\ProgramData\Oracle\Java\javapath;C:\Windows\system32;C:\Windows;C:\Windows\System32\Wbem;C:\Windows\System32\WindowsPowerShell\v1.0\;C:\Windows\System32\OpenSSH\;C:\Program Files\Intel\WiFi\bin\;C:\Program Files\Common Files\Intel\WirelessCommon\;F:\MySql\bin\;C:\Program Files\Java\jdk1.8.0_144\bin;%CATALINA_HOME%\bin;F:\apache-maven-3.2.5\bin;F:\Git\cmd;C:\Program Files\nodejs\;F:\Program Files\nodejs\node_global\node_modules\hexo-cli\bin;F:\Program Files\nodejs\node_global;C:\Users\My\AppData\Local\Microsoft\WindowsApps;C:\Program Files\Intel\WiFi\bin\;C:\Program Files\Common Files\Intel\WirelessCommon\;E:\Bandizip\;C:\Users\My\AppData\Local\GitHubDesktop\bin;C:\Users\My\AppData\Roaming\npm;.
五月 20, 2019 10:19:53 下午 org.apache.coyote.AbstractProtocol init
信息: Initializing ProtocolHandler ["http-bio-8099"]
五月 20, 2019 10:19:53 下午 org.apache.coyote.AbstractProtocol init
信息: Initializing ProtocolHandler ["ajp-bio-8009"]
五月 20, 2019 10:19:53 下午 org.apache.catalina.startup.Catalina load
信息: Initialization processed in 680 ms
五月 20, 2019 10:19:53 下午 org.apache.catalina.core.StandardService startInternal
信息: Starting service Catalina
五月 20, 2019 10:19:53 下午 org.apache.catalina.core.StandardEngine startInternal
信息: Starting Servlet Engine: Apache Tomcat/7.0.28
五月 20, 2019 10:19:53 下午 org.apache.catalina.startup.HostConfig deployDirectory
信息: Deploying web application directory F:\openSource\dubbo-admin-tomcat\webapps\docs
五月 20, 2019 10:19:54 下午 org.apache.catalina.util.SessionIdGenerator createSecureRandom
信息: Creation of SecureRandom instance for session ID generation using [SHA1PRNG] took [282] milliseconds.
五月 20, 2019 10:19:54 下午 org.apache.catalina.startup.HostConfig deployDirectory
信息: Deploying web application directory F:\openSource\dubbo-admin-tomcat\webapps\examples
五月 20, 2019 10:19:54 下午 org.apache.catalina.startup.HostConfig deployDirectory
信息: Deploying web application directory F:\openSource\dubbo-admin-tomcat\webapps\host-manager
五月 20, 2019 10:19:54 下午 org.apache.catalina.startup.HostConfig deployDirectory
信息: Deploying web application directory F:\openSource\dubbo-admin-tomcat\webapps\manager
五月 20, 2019 10:19:54 下午 org.apache.catalina.startup.HostConfig deployDirectory
信息: Deploying web application directory F:\openSource\dubbo-admin-tomcat\webapps\ROOT
五月 20, 2019 10:20:18 下午 org.apache.coyote.AbstractProtocol start
信息: Starting ProtocolHandler ["http-bio-8099"]
五月 20, 2019 10:20:18 下午 org.apache.coyote.AbstractProtocol start
信息: Starting ProtocolHandler ["ajp-bio-8009"]
五月 20, 2019 10:20:18 下午 org.apache.catalina.startup.Catalina start
信息: Server startup in 25273 ms
五月 20, 2019 10:39:08 下午 org.apache.catalina.core.AprLifecycleListener init
信息: The APR based Apache Tomcat Native library which allows optimal performance in production environments was not found on the java.library.path: F:\openSource\jdk1.7\bin;C:\Windows\Sun\Java\bin;C:\Windows\system32;C:\Windows;C:\ProgramData\Oracle\Java\javapath;C:\Windows\system32;C:\Windows;C:\Windows\System32\Wbem;C:\Windows\System32\WindowsPowerShell\v1.0\;C:\Windows\System32\OpenSSH\;C:\Program Files\Intel\WiFi\bin\;C:\Program Files\Common Files\Intel\WirelessCommon\;F:\MySql\bin\;C:\Program Files\Java\jdk1.8.0_144\bin;%CATALINA_HOME%\bin;F:\apache-maven-3.2.5\bin;F:\Git\cmd;C:\Program Files\nodejs\;F:\Program Files\nodejs\node_global\node_modules\hexo-cli\bin;F:\Program Files\nodejs\node_global;C:\Users\My\AppData\Local\Microsoft\WindowsApps;C:\Program Files\Intel\WiFi\bin\;C:\Program Files\Common Files\Intel\WirelessCommon\;E:\Bandizip\;C:\Users\My\AppData\Local\GitHubDesktop\bin;C:\Users\My\AppData\Roaming\npm;.
五月 20, 2019 10:39:09 下午 org.apache.coyote.AbstractProtocol init
信息: Initializing ProtocolHandler ["http-bio-8099"]
五月 20, 2019 10:39:09 下午 org.apache.coyote.AbstractProtocol init
信息: Initializing ProtocolHandler ["ajp-bio-8009"]
五月 20, 2019 10:39:09 下午 org.apache.catalina.startup.Catalina load
信息: Initialization processed in 851 ms
五月 20, 2019 10:39:09 下午 org.apache.catalina.core.StandardService startInternal
信息: Starting service Catalina
五月 20, 2019 10:39:09 下午 org.apache.catalina.core.StandardEngine startInternal
信息: Starting Servlet Engine: Apache Tomcat/7.0.28
五月 20, 2019 10:39:09 下午 org.apache.catalina.startup.HostConfig deployDirectory
信息: Deploying web application directory F:\openSource\dubbo-admin-tomcat\webapps\docs
五月 20, 2019 10:39:09 下午 org.apache.catalina.util.SessionIdGenerator createSecureRandom
信息: Creation of SecureRandom instance for session ID generation using [SHA1PRNG] took [282] milliseconds.
五月 20, 2019 10:39:09 下午 org.apache.catalina.startup.HostConfig deployDirectory
信息: Deploying web application directory F:\openSource\dubbo-admin-tomcat\webapps\examples
五月 20, 2019 10:39:10 下午 org.apache.catalina.startup.HostConfig deployDirectory
信息: Deploying web application directory F:\openSource\dubbo-admin-tomcat\webapps\host-manager
五月 20, 2019 10:39:10 下午 org.apache.catalina.startup.HostConfig deployDirectory
信息: Deploying web application directory F:\openSource\dubbo-admin-tomcat\webapps\manager
五月 20, 2019 10:39:10 下午 org.apache.catalina.startup.HostConfig deployDirectory
信息: Deploying web application directory F:\openSource\dubbo-admin-tomcat\webapps\ROOT
五月 20, 2019 10:39:39 下午 org.apache.coyote.AbstractProtocol start
信息: Starting ProtocolHandler ["http-bio-8099"]
五月 20, 2019 10:39:39 下午 org.apache.coyote.AbstractProtocol start
信息: Starting ProtocolHandler ["ajp-bio-8009"]
五月 20, 2019 10:39:39 下午 org.apache.catalina.startup.Catalina start
信息: Server startup in 30432 ms
