五月 20, 2019 10:08:39 下午 org.apache.catalina.core.ApplicationContext log
信息: ContextListener: contextInitialized()
五月 20, 2019 10:08:39 下午 org.apache.catalina.core.ApplicationContext log
信息: SessionListener: contextInitialized()
五月 20, 2019 10:08:39 下午 org.apache.catalina.core.ApplicationContext log
信息: ContextListener: attributeAdded('org.apache.jasper.compiler.TldLocationsCache', 'org.apache.jasper.compiler.TldLocationsCache@6413518')
五月 20, 2019 10:08:40 下午 org.apache.catalina.core.ApplicationContext log
信息: Initializing log4j system
五月 20, 2019 10:08:40 下午 org.apache.catalina.core.ApplicationContext log
信息: Initializing Spring root WebApplicationContext
五月 20, 2019 10:08:56 下午 org.apache.catalina.core.ApplicationContext log
信息: Initializing Spring sub WebApplicationContext: home
五月 20, 2019 10:09:00 下午 org.apache.catalina.core.ApplicationContext log
信息: Initializing Spring sub WebApplicationContext: personal
五月 20, 2019 10:09:03 下午 org.apache.catalina.core.ApplicationContext log
信息: Initializing Spring sub WebApplicationContext: sysmanage
五月 20, 2019 10:09:05 下午 org.apache.catalina.core.ApplicationContext log
信息: Initializing Spring sub WebApplicationContext: sysinfo
五月 20, 2019 10:09:06 下午 org.apache.catalina.core.ApplicationContext log
信息: Initializing Spring sub WebApplicationContext: governance
五月 20, 2019 10:09:08 下午 org.apache.catalina.core.ApplicationContext log
信息: WebxComponents: initialization completed
五月 20, 2019 10:09:08 下午 org.apache.catalina.core.ApplicationContext log
信息: Initializing filter: mdc
五月 20, 2019 10:09:08 下午 org.apache.catalina.core.ApplicationContext log
信息: SetLoggingContextFilter - mdc: initialization completed
五月 20, 2019 10:09:08 下午 org.apache.catalina.core.ApplicationContext log
信息: Initializing filter: webx
五月 20, 2019 10:09:08 下午 org.apache.catalina.core.ApplicationContext log
信息: WebxFrameworkFilter - webx: initialization completed
五月 20, 2019 10:10:17 下午 org.apache.catalina.core.ApplicationContext log
信息: ContextListener: contextInitialized()
五月 20, 2019 10:10:17 下午 org.apache.catalina.core.ApplicationContext log
信息: SessionListener: contextInitialized()
五月 20, 2019 10:10:17 下午 org.apache.catalina.core.ApplicationContext log
信息: ContextListener: attributeAdded('org.apache.jasper.compiler.TldLocationsCache', 'org.apache.jasper.compiler.TldLocationsCache@b0156e2')
五月 20, 2019 10:10:19 下午 org.apache.catalina.core.ApplicationContext log
信息: Initializing log4j system
五月 20, 2019 10:10:19 下午 org.apache.catalina.core.ApplicationContext log
信息: Initializing Spring root WebApplicationContext
五月 20, 2019 10:11:45 下午 org.apache.catalina.core.ApplicationContext log
信息: ContextListener: contextInitialized()
五月 20, 2019 10:11:45 下午 org.apache.catalina.core.ApplicationContext log
信息: SessionListener: contextInitialized()
五月 20, 2019 10:11:45 下午 org.apache.catalina.core.ApplicationContext log
信息: ContextListener: attributeAdded('org.apache.jasper.compiler.TldLocationsCache', 'org.apache.jasper.compiler.TldLocationsCache@b0156e2')
五月 20, 2019 10:11:46 下午 org.apache.catalina.core.ApplicationContext log
信息: Initializing log4j system
五月 20, 2019 10:11:46 下午 org.apache.catalina.core.ApplicationContext log
信息: Initializing Spring root WebApplicationContext
五月 20, 2019 10:14:14 下午 org.apache.catalina.core.ApplicationContext log
信息: ContextListener: contextInitialized()
五月 20, 2019 10:14:14 下午 org.apache.catalina.core.ApplicationContext log
信息: SessionListener: contextInitialized()
五月 20, 2019 10:14:14 下午 org.apache.catalina.core.ApplicationContext log
信息: ContextListener: attributeAdded('org.apache.jasper.compiler.TldLocationsCache', 'org.apache.jasper.compiler.TldLocationsCache@c4d0a21')
五月 20, 2019 10:14:15 下午 org.apache.catalina.core.ApplicationContext log
信息: Initializing log4j system
五月 20, 2019 10:14:15 下午 org.apache.catalina.core.ApplicationContext log
信息: Initializing Spring root WebApplicationContext
五月 20, 2019 10:15:47 下午 org.apache.catalina.core.ApplicationContext log
信息: ContextListener: contextInitialized()
五月 20, 2019 10:15:47 下午 org.apache.catalina.core.ApplicationContext log
信息: SessionListener: contextInitialized()
五月 20, 2019 10:15:47 下午 org.apache.catalina.core.ApplicationContext log
信息: ContextListener: attributeAdded('org.apache.jasper.compiler.TldLocationsCache', 'org.apache.jasper.compiler.TldLocationsCache@12063acc')
五月 20, 2019 10:15:48 下午 org.apache.catalina.core.ApplicationContext log
信息: Initializing log4j system
五月 20, 2019 10:15:48 下午 org.apache.catalina.core.ApplicationContext log
信息: Initializing Spring root WebApplicationContext
五月 20, 2019 10:19:54 下午 org.apache.catalina.core.ApplicationContext log
信息: ContextListener: contextInitialized()
五月 20, 2019 10:19:54 下午 org.apache.catalina.core.ApplicationContext log
信息: SessionListener: contextInitialized()
五月 20, 2019 10:19:54 下午 org.apache.catalina.core.ApplicationContext log
信息: ContextListener: attributeAdded('org.apache.jasper.compiler.TldLocationsCache', 'org.apache.jasper.compiler.TldLocationsCache@4ef1513')
五月 20, 2019 10:19:55 下午 org.apache.catalina.core.ApplicationContext log
信息: Initializing log4j system
五月 20, 2019 10:19:55 下午 org.apache.catalina.core.ApplicationContext log
信息: Initializing Spring root WebApplicationContext
五月 20, 2019 10:20:06 下午 org.apache.catalina.core.ApplicationContext log
信息: Initializing Spring sub WebApplicationContext: home
五月 20, 2019 10:20:08 下午 org.apache.catalina.core.ApplicationContext log
信息: Initializing Spring sub WebApplicationContext: personal
五月 20, 2019 10:20:11 下午 org.apache.catalina.core.ApplicationContext log
信息: Initializing Spring sub WebApplicationContext: sysmanage
五月 20, 2019 10:20:14 下午 org.apache.catalina.core.ApplicationContext log
信息: Initializing Spring sub WebApplicationContext: sysinfo
五月 20, 2019 10:20:16 下午 org.apache.catalina.core.ApplicationContext log
信息: Initializing Spring sub WebApplicationContext: governance
五月 20, 2019 10:20:18 下午 org.apache.catalina.core.ApplicationContext log
信息: WebxComponents: initialization completed
五月 20, 2019 10:20:18 下午 org.apache.catalina.core.ApplicationContext log
信息: Initializing filter: mdc
五月 20, 2019 10:20:18 下午 org.apache.catalina.core.ApplicationContext log
信息: SetLoggingContextFilter - mdc: initialization completed
五月 20, 2019 10:20:18 下午 org.apache.catalina.core.ApplicationContext log
信息: Initializing filter: webx
五月 20, 2019 10:20:18 下午 org.apache.catalina.core.ApplicationContext log
信息: WebxFrameworkFilter - webx: initialization completed
五月 20, 2019 10:39:10 下午 org.apache.catalina.core.ApplicationContext log
信息: ContextListener: contextInitialized()
五月 20, 2019 10:39:10 下午 org.apache.catalina.core.ApplicationContext log
信息: SessionListener: contextInitialized()
五月 20, 2019 10:39:10 下午 org.apache.catalina.core.ApplicationContext log
信息: ContextListener: attributeAdded('org.apache.jasper.compiler.TldLocationsCache', 'org.apache.jasper.compiler.TldLocationsCache@bd3671')
五月 20, 2019 10:39:10 下午 org.apache.catalina.core.ApplicationContext log
信息: Initializing log4j system
五月 20, 2019 10:39:11 下午 org.apache.catalina.core.ApplicationContext log
信息: Initializing Spring root WebApplicationContext
五月 20, 2019 10:39:24 下午 org.apache.catalina.core.ApplicationContext log
信息: Initializing Spring sub WebApplicationContext: home
五月 20, 2019 10:39:27 下午 org.apache.catalina.core.ApplicationContext log
信息: Initializing Spring sub WebApplicationContext: personal
五月 20, 2019 10:39:30 下午 org.apache.catalina.core.ApplicationContext log
信息: Initializing Spring sub WebApplicationContext: sysmanage
五月 20, 2019 10:39:32 下午 org.apache.catalina.core.ApplicationContext log
信息: Initializing Spring sub WebApplicationContext: sysinfo
五月 20, 2019 10:39:36 下午 org.apache.catalina.core.ApplicationContext log
信息: Initializing Spring sub WebApplicationContext: governance
五月 20, 2019 10:39:39 下午 org.apache.catalina.core.ApplicationContext log
信息: WebxComponents: initialization completed
五月 20, 2019 10:39:39 下午 org.apache.catalina.core.ApplicationContext log
信息: Initializing filter: mdc
五月 20, 2019 10:39:39 下午 org.apache.catalina.core.ApplicationContext log
信息: SetLoggingContextFilter - mdc: initialization completed
五月 20, 2019 10:39:39 下午 org.apache.catalina.core.ApplicationContext log
信息: Initializing filter: webx
五月 20, 2019 10:39:39 下午 org.apache.catalina.core.ApplicationContext log
信息: WebxFrameworkFilter - webx: initialization completed
