五月 21, 2019 4:44:43 下午 org.apache.catalina.core.ApplicationContext log
信息: ContextListener: contextInitialized()
五月 21, 2019 4:44:43 下午 org.apache.catalina.core.ApplicationContext log
信息: SessionListener: contextInitialized()
五月 21, 2019 4:44:43 下午 org.apache.catalina.core.ApplicationContext log
信息: ContextListener: attributeAdded('org.apache.jasper.compiler.TldLocationsCache', 'org.apache.jasper.compiler.TldLocationsCache@6c5094ec')
五月 21, 2019 4:44:44 下午 org.apache.catalina.core.ApplicationContext log
信息: Initializing log4j system
五月 21, 2019 4:44:45 下午 org.apache.catalina.core.ApplicationContext log
信息: Initializing Spring root WebApplicationContext
五月 21, 2019 4:45:55 下午 org.apache.catalina.core.ApplicationContext log
信息: ContextListener: contextInitialized()
五月 21, 2019 4:45:55 下午 org.apache.catalina.core.ApplicationContext log
信息: SessionListener: contextInitialized()
五月 21, 2019 4:45:55 下午 org.apache.catalina.core.ApplicationContext log
信息: ContextListener: attributeAdded('org.apache.jasper.compiler.TldLocationsCache', 'org.apache.jasper.compiler.TldLocationsCache@4ef1513')
五月 21, 2019 4:45:56 下午 org.apache.catalina.core.ApplicationContext log
信息: Initializing log4j system
五月 21, 2019 4:45:56 下午 org.apache.catalina.core.ApplicationContext log
信息: Initializing Spring root WebApplicationContext
五月 21, 2019 4:46:12 下午 org.apache.catalina.core.ApplicationContext log
信息: Initializing Spring sub WebApplicationContext: home
五月 21, 2019 4:46:15 下午 org.apache.catalina.core.ApplicationContext log
信息: Initializing Spring sub WebApplicationContext: personal
五月 21, 2019 4:46:18 下午 org.apache.catalina.core.ApplicationContext log
信息: Initializing Spring sub WebApplicationContext: sysmanage
五月 21, 2019 4:46:20 下午 org.apache.catalina.core.ApplicationContext log
信息: Initializing Spring sub WebApplicationContext: sysinfo
五月 21, 2019 4:46:22 下午 org.apache.catalina.core.ApplicationContext log
信息: Initializing Spring sub WebApplicationContext: governance
五月 21, 2019 4:46:24 下午 org.apache.catalina.core.ApplicationContext log
信息: WebxComponents: initialization completed
五月 21, 2019 4:46:24 下午 org.apache.catalina.core.ApplicationContext log
信息: Initializing filter: mdc
五月 21, 2019 4:46:24 下午 org.apache.catalina.core.ApplicationContext log
信息: SetLoggingContextFilter - mdc: initialization completed
五月 21, 2019 4:46:24 下午 org.apache.catalina.core.ApplicationContext log
信息: Initializing filter: webx
五月 21, 2019 4:46:24 下午 org.apache.catalina.core.ApplicationContext log
信息: WebxFrameworkFilter - webx: initialization completed
五月 21, 2019 4:56:48 下午 org.apache.catalina.core.ApplicationContext log
信息: ContextListener: contextInitialized()
五月 21, 2019 4:56:48 下午 org.apache.catalina.core.ApplicationContext log
信息: SessionListener: contextInitialized()
五月 21, 2019 4:56:48 下午 org.apache.catalina.core.ApplicationContext log
信息: ContextListener: attributeAdded('org.apache.jasper.compiler.TldLocationsCache', 'org.apache.jasper.compiler.TldLocationsCache@56fe3052')
五月 21, 2019 4:56:48 下午 org.apache.catalina.core.ApplicationContext log
信息: Initializing log4j system
五月 21, 2019 4:56:49 下午 org.apache.catalina.core.ApplicationContext log
信息: Initializing Spring root WebApplicationContext
五月 21, 2019 4:57:01 下午 org.apache.catalina.core.ApplicationContext log
信息: Initializing Spring sub WebApplicationContext: home
五月 21, 2019 4:57:07 下午 org.apache.catalina.core.ApplicationContext log
信息: Initializing Spring sub WebApplicationContext: personal
五月 21, 2019 4:57:12 下午 org.apache.catalina.core.ApplicationContext log
信息: Initializing Spring sub WebApplicationContext: sysmanage
五月 21, 2019 4:57:18 下午 org.apache.catalina.core.ApplicationContext log
信息: Initializing Spring sub WebApplicationContext: sysinfo
五月 21, 2019 4:57:22 下午 org.apache.catalina.core.ApplicationContext log
信息: Initializing Spring sub WebApplicationContext: governance
五月 21, 2019 4:57:24 下午 org.apache.catalina.core.ApplicationContext log
信息: WebxComponents: initialization completed
五月 21, 2019 4:57:24 下午 org.apache.catalina.core.ApplicationContext log
信息: Initializing filter: mdc
五月 21, 2019 4:57:24 下午 org.apache.catalina.core.ApplicationContext log
信息: SetLoggingContextFilter - mdc: initialization completed
五月 21, 2019 4:57:24 下午 org.apache.catalina.core.ApplicationContext log
信息: Initializing filter: webx
五月 21, 2019 4:57:24 下午 org.apache.catalina.core.ApplicationContext log
信息: WebxFrameworkFilter - webx: initialization completed
五月 21, 2019 5:57:48 下午 org.apache.catalina.core.ApplicationContext log
信息: ContextListener: contextInitialized()
五月 21, 2019 5:57:48 下午 org.apache.catalina.core.ApplicationContext log
信息: SessionListener: contextInitialized()
五月 21, 2019 5:57:48 下午 org.apache.catalina.core.ApplicationContext log
信息: ContextListener: attributeAdded('org.apache.jasper.compiler.TldLocationsCache', 'org.apache.jasper.compiler.TldLocationsCache@6c5094ec')
五月 21, 2019 5:57:49 下午 org.apache.catalina.core.ApplicationContext log
信息: Initializing log4j system
五月 21, 2019 5:57:49 下午 org.apache.catalina.core.ApplicationContext log
信息: Initializing Spring root WebApplicationContext
五月 21, 2019 5:58:02 下午 org.apache.catalina.core.ApplicationContext log
信息: Initializing Spring sub WebApplicationContext: home
五月 21, 2019 5:58:04 下午 org.apache.catalina.core.ApplicationContext log
信息: Initializing Spring sub WebApplicationContext: personal
五月 21, 2019 5:58:07 下午 org.apache.catalina.core.ApplicationContext log
信息: Initializing Spring sub WebApplicationContext: sysmanage
五月 21, 2019 5:58:09 下午 org.apache.catalina.core.ApplicationContext log
信息: Initializing Spring sub WebApplicationContext: sysinfo
五月 21, 2019 5:58:11 下午 org.apache.catalina.core.ApplicationContext log
信息: Initializing Spring sub WebApplicationContext: governance
五月 21, 2019 5:58:13 下午 org.apache.catalina.core.ApplicationContext log
信息: WebxComponents: initialization completed
五月 21, 2019 5:58:13 下午 org.apache.catalina.core.ApplicationContext log
信息: Initializing filter: mdc
五月 21, 2019 5:58:13 下午 org.apache.catalina.core.ApplicationContext log
信息: SetLoggingContextFilter - mdc: initialization completed
五月 21, 2019 5:58:13 下午 org.apache.catalina.core.ApplicationContext log
信息: Initializing filter: webx
五月 21, 2019 5:58:13 下午 org.apache.catalina.core.ApplicationContext log
信息: WebxFrameworkFilter - webx: initialization completed
五月 21, 2019 7:12:07 下午 org.apache.catalina.core.ApplicationContext log
信息: ContextListener: contextInitialized()
五月 21, 2019 7:12:07 下午 org.apache.catalina.core.ApplicationContext log
信息: SessionListener: contextInitialized()
五月 21, 2019 7:12:07 下午 org.apache.catalina.core.ApplicationContext log
信息: ContextListener: attributeAdded('org.apache.jasper.compiler.TldLocationsCache', 'org.apache.jasper.compiler.TldLocationsCache@56fe3052')
五月 21, 2019 7:12:08 下午 org.apache.catalina.core.ApplicationContext log
信息: Initializing log4j system
五月 21, 2019 7:12:08 下午 org.apache.catalina.core.ApplicationContext log
信息: Initializing Spring root WebApplicationContext
五月 21, 2019 8:48:26 下午 org.apache.catalina.core.ApplicationContext log
信息: ContextListener: contextInitialized()
五月 21, 2019 8:48:26 下午 org.apache.catalina.core.ApplicationContext log
信息: SessionListener: contextInitialized()
五月 21, 2019 8:48:26 下午 org.apache.catalina.core.ApplicationContext log
信息: ContextListener: attributeAdded('org.apache.jasper.compiler.TldLocationsCache', 'org.apache.jasper.compiler.TldLocationsCache@bd3671')
五月 21, 2019 8:48:27 下午 org.apache.catalina.core.ApplicationContext log
信息: Initializing log4j system
五月 21, 2019 8:48:27 下午 org.apache.catalina.core.ApplicationContext log
信息: Initializing Spring root WebApplicationContext
五月 21, 2019 8:48:39 下午 org.apache.catalina.core.ApplicationContext log
信息: Initializing Spring sub WebApplicationContext: home
五月 21, 2019 8:48:41 下午 org.apache.catalina.core.ApplicationContext log
信息: Initializing Spring sub WebApplicationContext: personal
五月 21, 2019 8:48:43 下午 org.apache.catalina.core.ApplicationContext log
信息: Initializing Spring sub WebApplicationContext: sysmanage
五月 21, 2019 8:48:45 下午 org.apache.catalina.core.ApplicationContext log
信息: Initializing Spring sub WebApplicationContext: sysinfo
五月 21, 2019 8:48:47 下午 org.apache.catalina.core.ApplicationContext log
信息: Initializing Spring sub WebApplicationContext: governance
五月 21, 2019 8:48:49 下午 org.apache.catalina.core.ApplicationContext log
信息: WebxComponents: initialization completed
五月 21, 2019 8:48:49 下午 org.apache.catalina.core.ApplicationContext log
信息: Initializing filter: mdc
五月 21, 2019 8:48:49 下午 org.apache.catalina.core.ApplicationContext log
信息: SetLoggingContextFilter - mdc: initialization completed
五月 21, 2019 8:48:49 下午 org.apache.catalina.core.ApplicationContext log
信息: Initializing filter: webx
五月 21, 2019 8:48:49 下午 org.apache.catalina.core.ApplicationContext log
信息: WebxFrameworkFilter - webx: initialization completed
五月 21, 2019 10:13:04 下午 org.apache.catalina.core.ApplicationContext log
信息: ContextListener: contextInitialized()
五月 21, 2019 10:13:04 下午 org.apache.catalina.core.ApplicationContext log
信息: SessionListener: contextInitialized()
五月 21, 2019 10:13:04 下午 org.apache.catalina.core.ApplicationContext log
信息: ContextListener: attributeAdded('org.apache.jasper.compiler.TldLocationsCache', 'org.apache.jasper.compiler.TldLocationsCache@56fe3052')
五月 21, 2019 10:13:05 下午 org.apache.catalina.core.ApplicationContext log
信息: Initializing log4j system
五月 21, 2019 10:13:06 下午 org.apache.catalina.core.ApplicationContext log
信息: Initializing Spring root WebApplicationContext
五月 21, 2019 10:14:01 下午 org.apache.catalina.core.ApplicationContext log
信息: ContextListener: contextInitialized()
五月 21, 2019 10:14:01 下午 org.apache.catalina.core.ApplicationContext log
信息: SessionListener: contextInitialized()
五月 21, 2019 10:14:01 下午 org.apache.catalina.core.ApplicationContext log
信息: ContextListener: attributeAdded('org.apache.jasper.compiler.TldLocationsCache', 'org.apache.jasper.compiler.TldLocationsCache@5210563')
五月 21, 2019 10:14:01 下午 org.apache.catalina.core.ApplicationContext log
信息: Initializing log4j system
五月 21, 2019 10:14:01 下午 org.apache.catalina.core.ApplicationContext log
信息: Initializing Spring root WebApplicationContext
五月 21, 2019 10:14:55 下午 org.apache.catalina.core.ApplicationContext log
信息: ContextListener: contextInitialized()
五月 21, 2019 10:14:55 下午 org.apache.catalina.core.ApplicationContext log
信息: SessionListener: contextInitialized()
五月 21, 2019 10:14:55 下午 org.apache.catalina.core.ApplicationContext log
信息: ContextListener: attributeAdded('org.apache.jasper.compiler.TldLocationsCache', 'org.apache.jasper.compiler.TldLocationsCache@c4d0a21')
五月 21, 2019 10:14:55 下午 org.apache.catalina.core.ApplicationContext log
信息: Initializing log4j system
五月 21, 2019 10:14:56 下午 org.apache.catalina.core.ApplicationContext log
信息: Initializing Spring root WebApplicationContext
五月 21, 2019 10:22:02 下午 org.apache.catalina.core.ApplicationContext log
信息: ContextListener: contextInitialized()
五月 21, 2019 10:22:02 下午 org.apache.catalina.core.ApplicationContext log
信息: SessionListener: contextInitialized()
五月 21, 2019 10:22:02 下午 org.apache.catalina.core.ApplicationContext log
信息: ContextListener: attributeAdded('org.apache.jasper.compiler.TldLocationsCache', 'org.apache.jasper.compiler.TldLocationsCache@4ef1513')
五月 21, 2019 10:22:03 下午 org.apache.catalina.core.ApplicationContext log
信息: Initializing log4j system
五月 21, 2019 10:22:03 下午 org.apache.catalina.core.ApplicationContext log
信息: Initializing Spring root WebApplicationContext
五月 21, 2019 10:22:15 下午 org.apache.catalina.core.ApplicationContext log
信息: Initializing Spring sub WebApplicationContext: home
五月 21, 2019 10:22:17 下午 org.apache.catalina.core.ApplicationContext log
信息: Initializing Spring sub WebApplicationContext: personal
五月 21, 2019 10:22:20 下午 org.apache.catalina.core.ApplicationContext log
信息: Initializing Spring sub WebApplicationContext: sysmanage
五月 21, 2019 10:22:22 下午 org.apache.catalina.core.ApplicationContext log
信息: Initializing Spring sub WebApplicationContext: sysinfo
五月 21, 2019 10:22:23 下午 org.apache.catalina.core.ApplicationContext log
信息: Initializing Spring sub WebApplicationContext: governance
五月 21, 2019 10:22:25 下午 org.apache.catalina.core.ApplicationContext log
信息: WebxComponents: initialization completed
五月 21, 2019 10:22:25 下午 org.apache.catalina.core.ApplicationContext log
信息: Initializing filter: mdc
五月 21, 2019 10:22:25 下午 org.apache.catalina.core.ApplicationContext log
信息: SetLoggingContextFilter - mdc: initialization completed
五月 21, 2019 10:22:25 下午 org.apache.catalina.core.ApplicationContext log
信息: Initializing filter: webx
五月 21, 2019 10:22:25 下午 org.apache.catalina.core.ApplicationContext log
信息: WebxFrameworkFilter - webx: initialization completed
