十月 14, 2019 11:32:42 上午 org.apache.catalina.core.ApplicationContext log
信息: ContextListener: contextInitialized()
十月 14, 2019 11:32:42 上午 org.apache.catalina.core.ApplicationContext log
信息: SessionListener: contextInitialized()
十月 14, 2019 11:32:43 上午 org.apache.catalina.core.ApplicationContext log
信息: ContextListener: attributeAdded('org.apache.jasper.compiler.TldLocationsCache', 'org.apache.jasper.compiler.TldLocationsCache@56fe3052')
十月 14, 2019 11:32:43 上午 org.apache.catalina.core.ApplicationContext log
信息: Initializing log4j system
十月 14, 2019 11:32:43 上午 org.apache.catalina.core.ApplicationContext log
信息: Initializing Spring root WebApplicationContext
十月 14, 2019 11:33:42 上午 org.apache.catalina.core.ApplicationContext log
信息: Initializing Spring sub WebApplicationContext: home
十月 14, 2019 11:33:44 上午 org.apache.catalina.core.ApplicationContext log
信息: Initializing Spring sub WebApplicationContext: personal
十月 14, 2019 11:33:47 上午 org.apache.catalina.core.ApplicationContext log
信息: Initializing Spring sub WebApplicationContext: sysmanage
十月 14, 2019 11:33:49 上午 org.apache.catalina.core.ApplicationContext log
信息: Initializing Spring sub WebApplicationContext: sysinfo
十月 14, 2019 11:33:50 上午 org.apache.catalina.core.ApplicationContext log
信息: Initializing Spring sub WebApplicationContext: governance
十月 14, 2019 11:33:52 上午 org.apache.catalina.core.ApplicationContext log
信息: WebxComponents: initialization completed
十月 14, 2019 11:33:52 上午 org.apache.catalina.core.ApplicationContext log
信息: Initializing filter: mdc
十月 14, 2019 11:33:52 上午 org.apache.catalina.core.ApplicationContext log
信息: SetLoggingContextFilter - mdc: initialization completed
十月 14, 2019 11:33:52 上午 org.apache.catalina.core.ApplicationContext log
信息: Initializing filter: webx
十月 14, 2019 11:33:52 上午 org.apache.catalina.core.ApplicationContext log
信息: WebxFrameworkFilter - webx: initialization completed
