八月 22, 2019 5:54:59 下午 org.apache.catalina.core.ApplicationContext log
信息: ContextListener: contextInitialized()
八月 22, 2019 5:54:59 下午 org.apache.catalina.core.ApplicationContext log
信息: SessionListener: contextInitialized()
八月 22, 2019 5:54:59 下午 org.apache.catalina.core.ApplicationContext log
信息: ContextListener: attributeAdded('org.apache.jasper.compiler.TldLocationsCache', 'org.apache.jasper.compiler.TldLocationsCache@6413518')
八月 22, 2019 5:54:59 下午 org.apache.catalina.core.ApplicationContext log
信息: Initializing log4j system
八月 22, 2019 5:54:59 下午 org.apache.catalina.core.ApplicationContext log
信息: Initializing Spring root WebApplicationContext
八月 22, 2019 5:55:22 下午 org.apache.catalina.core.ApplicationContext log
信息: Initializing Spring sub WebApplicationContext: home
八月 22, 2019 5:55:25 下午 org.apache.catalina.core.ApplicationContext log
信息: Initializing Spring sub WebApplicationContext: personal
八月 22, 2019 5:55:27 下午 org.apache.catalina.core.ApplicationContext log
信息: Initializing Spring sub WebApplicationContext: sysmanage
八月 22, 2019 5:55:29 下午 org.apache.catalina.core.ApplicationContext log
信息: Initializing Spring sub WebApplicationContext: sysinfo
八月 22, 2019 5:55:31 下午 org.apache.catalina.core.ApplicationContext log
信息: Initializing Spring sub WebApplicationContext: governance
八月 22, 2019 5:55:32 下午 org.apache.catalina.core.ApplicationContext log
信息: WebxComponents: initialization completed
八月 22, 2019 5:55:32 下午 org.apache.catalina.core.ApplicationContext log
信息: Initializing filter: mdc
八月 22, 2019 5:55:32 下午 org.apache.catalina.core.ApplicationContext log
信息: SetLoggingContextFilter - mdc: initialization completed
八月 22, 2019 5:55:32 下午 org.apache.catalina.core.ApplicationContext log
信息: Initializing filter: webx
八月 22, 2019 5:55:32 下午 org.apache.catalina.core.ApplicationContext log
信息: WebxFrameworkFilter - webx: initialization completed
