五月 01, 2017 6:01:53 下午 org.apache.catalina.core.ApplicationContext log
信息: ContextListener: contextInitialized()
五月 01, 2017 6:01:53 下午 org.apache.catalina.core.ApplicationContext log
信息: SessionListener: contextInitialized()
五月 01, 2017 6:01:53 下午 org.apache.catalina.core.ApplicationContext log
信息: ContextListener: attributeAdded('org.apache.jasper.compiler.TldLocationsCache', 'org.apache.jasper.compiler.TldLocationsCache@897c49e')
五月 01, 2017 6:01:55 下午 org.apache.catalina.core.ApplicationContext log
信息: Initializing log4j system
五月 01, 2017 6:01:55 下午 org.apache.catalina.core.ApplicationContext log
信息: Initializing Spring root WebApplicationContext
五月 01, 2017 6:04:59 下午 org.apache.catalina.core.ApplicationContext log
信息: ContextListener: contextInitialized()
五月 01, 2017 6:04:59 下午 org.apache.catalina.core.ApplicationContext log
信息: SessionListener: contextInitialized()
五月 01, 2017 6:04:59 下午 org.apache.catalina.core.ApplicationContext log
信息: ContextListener: attributeAdded('org.apache.jasper.compiler.TldLocationsCache', 'org.apache.jasper.compiler.TldLocationsCache@57a9fb0f')
五月 01, 2017 6:05:01 下午 org.apache.catalina.core.ApplicationContext log
信息: Initializing log4j system
五月 01, 2017 6:05:01 下午 org.apache.catalina.core.ApplicationContext log
信息: Initializing Spring root WebApplicationContext
五月 01, 2017 6:05:22 下午 org.apache.catalina.core.ApplicationContext log
信息: Initializing Spring sub WebApplicationContext: home
五月 01, 2017 6:05:25 下午 org.apache.catalina.core.ApplicationContext log
信息: Initializing Spring sub WebApplicationContext: personal
五月 01, 2017 6:05:28 下午 org.apache.catalina.core.ApplicationContext log
信息: Initializing Spring sub WebApplicationContext: sysmanage
五月 01, 2017 6:05:31 下午 org.apache.catalina.core.ApplicationContext log
信息: Initializing Spring sub WebApplicationContext: sysinfo
五月 01, 2017 6:05:33 下午 org.apache.catalina.core.ApplicationContext log
信息: Initializing Spring sub WebApplicationContext: governance
五月 01, 2017 6:05:35 下午 org.apache.catalina.core.ApplicationContext log
信息: WebxComponents: initialization completed
五月 01, 2017 6:05:35 下午 org.apache.catalina.core.ApplicationContext log
信息: Initializing filter: mdc
五月 01, 2017 6:05:35 下午 org.apache.catalina.core.ApplicationContext log
信息: SetLoggingContextFilter - mdc: initialization completed
五月 01, 2017 6:05:35 下午 org.apache.catalina.core.ApplicationContext log
信息: Initializing filter: webx
五月 01, 2017 6:05:35 下午 org.apache.catalina.core.ApplicationContext log
信息: WebxFrameworkFilter - webx: initialization completed
五月 01, 2017 9:39:59 下午 org.apache.catalina.core.ApplicationContext log
信息: ContextListener: contextInitialized()
五月 01, 2017 9:39:59 下午 org.apache.catalina.core.ApplicationContext log
信息: SessionListener: contextInitialized()
五月 01, 2017 9:39:59 下午 org.apache.catalina.core.ApplicationContext log
信息: ContextListener: attributeAdded('org.apache.jasper.compiler.TldLocationsCache', 'org.apache.jasper.compiler.TldLocationsCache@5cae8c0f')
五月 01, 2017 9:40:00 下午 org.apache.catalina.core.ApplicationContext log
信息: Initializing log4j system
五月 01, 2017 9:40:01 下午 org.apache.catalina.core.ApplicationContext log
信息: Initializing Spring root WebApplicationContext
五月 01, 2017 9:40:13 下午 org.apache.catalina.core.StandardContext listenerStart
严重: Exception sending context initialized event to listener instance of class com.alibaba.citrus.webx.context.WebxContextLoaderListener
org.springframework.beans.factory.BeanDefinitionStoreException: Invalid bean definition with name 'userService' defined in class path resource [META-INF/spring/dubbo-admin.xml]: Could not resolve placeholder 'dubbo.admin.root.password'
	at org.springframework.beans.factory.config.PropertyPlaceholderConfigurer.processProperties(PropertyPlaceholderConfigurer.java:268)
	at org.springframework.beans.factory.config.PropertyResourceConfigurer.postProcessBeanFactory(PropertyResourceConfigurer.java:75)
	at org.springframework.context.support.AbstractApplicationContext.invokeBeanFactoryPostProcessors(AbstractApplicationContext.java:553)
	at org.springframework.context.support.AbstractApplicationContext.invokeBeanFactoryPostProcessors(AbstractApplicationContext.java:527)
	at org.springframework.context.support.AbstractApplicationContext.refresh(AbstractApplicationContext.java:362)
	at org.springframework.web.context.ContextLoader.createWebApplicationContext(ContextLoader.java:255)
	at org.springframework.web.context.ContextLoader.initWebApplicationContext(ContextLoader.java:199)
	at com.alibaba.citrus.webx.context.WebxComponentsLoader.initWebApplicationContext(WebxComponentsLoader.java:117)
	at org.springframework.web.context.ContextLoaderListener.contextInitialized(ContextLoaderListener.java:45)
	at org.apache.catalina.core.StandardContext.listenerStart(StandardContext.java:4790)
	at org.apache.catalina.core.StandardContext.startInternal(StandardContext.java:5284)
	at org.apache.catalina.util.LifecycleBase.start(LifecycleBase.java:150)
	at org.apache.catalina.core.ContainerBase.addChildInternal(ContainerBase.java:899)
	at org.apache.catalina.core.ContainerBase.addChild(ContainerBase.java:875)
	at org.apache.catalina.core.StandardHost.addChild(StandardHost.java:618)
	at org.apache.catalina.startup.HostConfig.deployDirectory(HostConfig.java:1100)
	at org.apache.catalina.startup.HostConfig$DeployDirectory.run(HostConfig.java:1618)
	at java.util.concurrent.Executors$RunnableAdapter.call(Executors.java:471)
	at java.util.concurrent.FutureTask.run(FutureTask.java:262)
	at java.util.concurrent.ThreadPoolExecutor.runWorker(ThreadPoolExecutor.java:1145)
	at java.util.concurrent.ThreadPoolExecutor$Worker.run(ThreadPoolExecutor.java:615)
	at java.lang.Thread.run(Thread.java:744)

五月 01, 2017 9:40:13 下午 org.apache.catalina.core.ApplicationContext log
信息: Closing Spring root WebApplicationContext
五月 01, 2017 9:40:13 下午 org.apache.catalina.core.ApplicationContext log
信息: Shutting down log system
五月 01, 2017 9:41:52 下午 org.apache.catalina.core.ApplicationContext log
信息: ContextListener: contextInitialized()
五月 01, 2017 9:41:52 下午 org.apache.catalina.core.ApplicationContext log
信息: SessionListener: contextInitialized()
五月 01, 2017 9:41:52 下午 org.apache.catalina.core.ApplicationContext log
信息: ContextListener: attributeAdded('org.apache.jasper.compiler.TldLocationsCache', 'org.apache.jasper.compiler.TldLocationsCache@5acfb476')
五月 01, 2017 9:41:52 下午 org.apache.catalina.core.ApplicationContext log
信息: Initializing log4j system
五月 01, 2017 9:41:53 下午 org.apache.catalina.core.ApplicationContext log
信息: Initializing Spring root WebApplicationContext
五月 01, 2017 9:42:29 下午 org.apache.catalina.core.ApplicationContext log
信息: Initializing Spring sub WebApplicationContext: home
五月 01, 2017 9:42:32 下午 org.apache.catalina.core.ApplicationContext log
信息: Initializing Spring sub WebApplicationContext: personal
五月 01, 2017 9:42:34 下午 org.apache.catalina.core.ApplicationContext log
信息: Initializing Spring sub WebApplicationContext: sysmanage
五月 01, 2017 9:42:36 下午 org.apache.catalina.core.ApplicationContext log
信息: Initializing Spring sub WebApplicationContext: sysinfo
五月 01, 2017 9:42:38 下午 org.apache.catalina.core.ApplicationContext log
信息: Initializing Spring sub WebApplicationContext: governance
五月 01, 2017 9:42:41 下午 org.apache.catalina.core.ApplicationContext log
信息: WebxComponents: initialization completed
五月 01, 2017 9:42:41 下午 org.apache.catalina.core.ApplicationContext log
信息: Initializing filter: mdc
五月 01, 2017 9:42:41 下午 org.apache.catalina.core.ApplicationContext log
信息: SetLoggingContextFilter - mdc: initialization completed
五月 01, 2017 9:42:41 下午 org.apache.catalina.core.ApplicationContext log
信息: Initializing filter: webx
五月 01, 2017 9:42:41 下午 org.apache.catalina.core.ApplicationContext log
信息: WebxFrameworkFilter - webx: initialization completed
