五月 22, 2019 4:27:48 下午 org.apache.catalina.core.ApplicationContext log
信息: ContextListener: contextInitialized()
五月 22, 2019 4:27:48 下午 org.apache.catalina.core.ApplicationContext log
信息: SessionListener: contextInitialized()
五月 22, 2019 4:27:48 下午 org.apache.catalina.core.ApplicationContext log
信息: ContextListener: attributeAdded('org.apache.jasper.compiler.TldLocationsCache', 'org.apache.jasper.compiler.TldLocationsCache@c4d0a21')
五月 22, 2019 4:27:48 下午 org.apache.catalina.core.ApplicationContext log
信息: Initializing log4j system
五月 22, 2019 4:27:49 下午 org.apache.catalina.core.ApplicationContext log
信息: Initializing Spring root WebApplicationContext
五月 22, 2019 4:28:59 下午 org.apache.catalina.core.ApplicationContext log
信息: ContextListener: contextInitialized()
五月 22, 2019 4:28:59 下午 org.apache.catalina.core.ApplicationContext log
信息: SessionListener: contextInitialized()
五月 22, 2019 4:28:59 下午 org.apache.catalina.core.ApplicationContext log
信息: ContextListener: attributeAdded('org.apache.jasper.compiler.TldLocationsCache', 'org.apache.jasper.compiler.TldLocationsCache@5210563')
五月 22, 2019 4:29:00 下午 org.apache.catalina.core.ApplicationContext log
信息: Initializing log4j system
五月 22, 2019 4:29:00 下午 org.apache.catalina.core.ApplicationContext log
信息: Initializing Spring root WebApplicationContext
五月 22, 2019 4:29:11 下午 org.apache.catalina.core.ApplicationContext log
信息: Initializing Spring sub WebApplicationContext: home
五月 22, 2019 4:29:14 下午 org.apache.catalina.core.ApplicationContext log
信息: Initializing Spring sub WebApplicationContext: personal
五月 22, 2019 4:29:16 下午 org.apache.catalina.core.ApplicationContext log
信息: Initializing Spring sub WebApplicationContext: sysmanage
五月 22, 2019 4:29:18 下午 org.apache.catalina.core.ApplicationContext log
信息: Initializing Spring sub WebApplicationContext: sysinfo
五月 22, 2019 4:29:21 下午 org.apache.catalina.core.ApplicationContext log
信息: Initializing Spring sub WebApplicationContext: governance
五月 22, 2019 4:29:22 下午 org.apache.catalina.core.ApplicationContext log
信息: WebxComponents: initialization completed
五月 22, 2019 4:29:22 下午 org.apache.catalina.core.ApplicationContext log
信息: Initializing filter: mdc
五月 22, 2019 4:29:22 下午 org.apache.catalina.core.ApplicationContext log
信息: SetLoggingContextFilter - mdc: initialization completed
五月 22, 2019 4:29:22 下午 org.apache.catalina.core.ApplicationContext log
信息: Initializing filter: webx
五月 22, 2019 4:29:22 下午 org.apache.catalina.core.ApplicationContext log
信息: WebxFrameworkFilter - webx: initialization completed
